INFO 2025-07-13 04:12:44,441 autoreload Watching for file changes with StatReloader
INFO 2025-07-13 04:15:13,539 autoreload /Users/morti/Documents/Projects/SyDocDjango/sydoc_project/center_panel/urls.py changed, reloading.
INFO 2025-07-13 04:15:14,078 autoreload Watching for file changes with StatReloader
INFO 2025-07-13 04:15:25,589 autoreload /Users/morti/Documents/Projects/SyDocDjango/sydoc_project/center_panel/urls.py changed, reloading.
INFO 2025-07-13 04:15:25,964 autoreload Watching for file changes with StatReloader
WARNING 2025-07-13 04:17:04,821 log Not Found: /admin/logs
WARNING 2025-07-13 04:17:04,822 basehttp "GET /admin/logs HTTP/1.1" 404 7880
WARNING 2025-07-13 04:17:08,879 log Not Found: //logs
WARNING 2025-07-13 04:17:08,879 basehttp "GET //logs HTTP/1.1" 404 3387
WARNING 2025-07-13 04:17:12,599 log Not Found: /logs
WARNING 2025-07-13 04:17:12,600 basehttp "GET /logs HTTP/1.1" 404 3384
WARNING 2025-07-13 04:17:18,981 log Not Found: /center/admin/logs
WARNING 2025-07-13 04:17:18,981 basehttp "GET /center/admin/logs HTTP/1.1" 404 15264
WARNING 2025-07-13 04:18:53,951 log Not Found: /center/admin/logs
WARNING 2025-07-13 04:18:53,952 basehttp "GET /center/admin/logs HTTP/1.1" 404 15264
WARNING 2025-07-13 04:18:54,642 log Not Found: /center/admin/logs
WARNING 2025-07-13 04:18:54,642 basehttp "GET /center/admin/logs HTTP/1.1" 404 15264
WARNING 2025-07-13 04:18:57,757 log Not Found: /center/
WARNING 2025-07-13 04:18:57,758 basehttp "GET /center/ HTTP/1.1" 404 15223
INFO 2025-07-13 04:19:03,500 basehttp "GET /center/dashboard/ HTTP/1.1" 200 123013
INFO 2025-07-13 04:19:09,016 basehttp "GET /center/admin/logs/ HTTP/1.1" 200 82822
INFO 2025-07-13 04:19:12,753 basehttp "GET /center/admin/logs/ HTTP/1.1" 200 83662
INFO 2025-07-13 04:19:41,054 <string> Test log entry from shell
WARNING 2025-07-13 04:19:41,054 <string> This is a warning log entry
ERROR 2025-07-13 04:19:41,054 <string> This is an error log entry
INFO 2025-07-13 04:19:45,447 basehttp "GET /center/admin/logs/ HTTP/1.1" 200 83972
INFO 2025-07-13 14:52:37,179 basehttp "GET /center/activities/ HTTP/1.1" 200 89940
INFO 2025-07-13 14:52:37,340 basehttp "GET /static/center_panel/js/dataTables.french.json HTTP/1.1" 200 1050
INFO 2025-07-13 14:52:40,551 basehttp "GET /center/members/ HTTP/1.1" 200 83410
INFO 2025-07-13 14:52:42,238 basehttp "GET /center/staff/ HTTP/1.1" 200 90079
INFO 2025-07-13 15:09:36,724 autoreload /Users/morti/Documents/Projects/SyDocDjango/sydoc_project/core/models.py changed, reloading.
INFO 2025-07-13 15:09:37,886 autoreload Watching for file changes with StatReloader
INFO 2025-07-13 15:23:55,335 autoreload /Users/morti/Documents/Projects/SyDocDjango/sydoc_project/center_panel/forms.py changed, reloading.
INFO 2025-07-13 15:23:56,069 autoreload Watching for file changes with StatReloader
INFO 2025-07-13 15:29:00,095 autoreload /Users/morti/Documents/Projects/SyDocDjango/sydoc_project/center_panel/forms.py changed, reloading.
INFO 2025-07-13 15:29:00,903 autoreload Watching for file changes with StatReloader
INFO 2025-07-13 15:29:02,370 autoreload /Users/morti/Documents/Projects/SyDocDjango/sydoc_project/center_panel/forms.py changed, reloading.
INFO 2025-07-13 15:29:02,868 autoreload Watching for file changes with StatReloader
INFO 2025-07-13 15:30:03,026 autoreload /Users/morti/Documents/Projects/SyDocDjango/sydoc_project/center_panel/views.py changed, reloading.
INFO 2025-07-13 15:30:03,634 autoreload Watching for file changes with StatReloader
INFO 2025-07-13 15:30:10,156 autoreload /Users/morti/Documents/Projects/SyDocDjango/sydoc_project/center_panel/views.py changed, reloading.
INFO 2025-07-13 15:30:10,795 autoreload Watching for file changes with StatReloader
INFO 2025-07-13 15:30:32,467 autoreload /Users/morti/Documents/Projects/SyDocDjango/sydoc_project/center_panel/views.py changed, reloading.
INFO 2025-07-13 15:30:33,247 autoreload Watching for file changes with StatReloader
INFO 2025-07-13 15:30:34,803 autoreload /Users/morti/Documents/Projects/SyDocDjango/sydoc_project/center_panel/views.py changed, reloading.
INFO 2025-07-13 15:30:35,688 autoreload Watching for file changes with StatReloader
INFO 2025-07-13 15:31:21,667 autoreload /Users/morti/Documents/Projects/SyDocDjango/sydoc_project/center_panel/urls.py changed, reloading.
INFO 2025-07-13 15:31:22,134 autoreload Watching for file changes with StatReloader
INFO 2025-07-13 15:35:33,431 autoreload /Users/morti/Documents/Projects/SyDocDjango/sydoc_project/core/models.py changed, reloading.
INFO 2025-07-13 15:35:34,240 autoreload Watching for file changes with StatReloader
INFO 2025-07-13 15:35:35,460 autoreload /Users/morti/Documents/Projects/SyDocDjango/sydoc_project/core/models.py changed, reloading.
INFO 2025-07-13 15:35:36,039 autoreload Watching for file changes with StatReloader
INFO 2025-07-13 15:37:37,467 autoreload /Users/morti/Documents/Projects/SyDocDjango/sydoc_project/center_panel/views.py changed, reloading.
INFO 2025-07-13 15:37:38,299 autoreload Watching for file changes with StatReloader
INFO 2025-07-13 15:37:39,671 autoreload /Users/morti/Documents/Projects/SyDocDjango/sydoc_project/center_panel/views.py changed, reloading.
INFO 2025-07-13 15:37:40,515 autoreload Watching for file changes with StatReloader
INFO 2025-07-13 15:38:09,262 autoreload /Users/morti/Documents/Projects/SyDocDjango/sydoc_project/center_panel/views.py changed, reloading.
INFO 2025-07-13 15:38:09,890 autoreload Watching for file changes with StatReloader
INFO 2025-07-13 15:38:24,330 autoreload /Users/morti/Documents/Projects/SyDocDjango/sydoc_project/center_panel/urls.py changed, reloading.
INFO 2025-07-13 15:38:24,895 autoreload Watching for file changes with StatReloader
INFO 2025-07-13 15:42:11,143 autoreload /Users/morti/Documents/Projects/SyDocDjango/sydoc_project/center_panel/forms.py changed, reloading.
INFO 2025-07-13 15:42:11,758 autoreload Watching for file changes with StatReloader
INFO 2025-07-13 15:42:34,285 autoreload /Users/morti/Documents/Projects/SyDocDjango/sydoc_project/center_panel/forms.py changed, reloading.
INFO 2025-07-13 15:42:34,690 autoreload Watching for file changes with StatReloader
INFO 2025-07-13 15:43:39,708 autoreload /Users/morti/Documents/Projects/SyDocDjango/sydoc_project/center_panel/urls.py changed, reloading.
INFO 2025-07-13 15:43:40,238 autoreload Watching for file changes with StatReloader
INFO 2025-07-13 15:43:59,708 autoreload /Users/morti/Documents/Projects/SyDocDjango/sydoc_project/center_panel/urls.py changed, reloading.
INFO 2025-07-13 15:44:00,168 autoreload Watching for file changes with StatReloader
INFO 2025-07-13 15:44:12,381 autoreload /Users/morti/Documents/Projects/SyDocDjango/sydoc_project/center_panel/urls.py changed, reloading.
INFO 2025-07-13 15:44:12,827 autoreload Watching for file changes with StatReloader
INFO 2025-07-13 15:44:24,034 autoreload /Users/morti/Documents/Projects/SyDocDjango/sydoc_project/center_panel/urls.py changed, reloading.
INFO 2025-07-13 15:44:24,488 autoreload Watching for file changes with StatReloader
INFO 2025-07-13 15:44:50,862 autoreload /Users/morti/Documents/Projects/SyDocDjango/sydoc_project/center_panel/views.py changed, reloading.
INFO 2025-07-13 15:44:51,256 autoreload Watching for file changes with StatReloader
INFO 2025-07-13 15:49:52,190 autoreload /Users/morti/Documents/Projects/SyDocDjango/sydoc_project/center_panel/urls.py changed, reloading.
INFO 2025-07-13 15:49:52,613 autoreload Watching for file changes with StatReloader
INFO 2025-07-13 15:50:07,031 autoreload /Users/morti/Documents/Projects/SyDocDjango/sydoc_project/center_panel/views.py changed, reloading.
INFO 2025-07-13 15:50:07,444 autoreload Watching for file changes with StatReloader
INFO 2025-07-13 15:50:24,042 autoreload /Users/morti/Documents/Projects/SyDocDjango/sydoc_project/center_panel/forms.py changed, reloading.
INFO 2025-07-13 15:50:24,496 autoreload Watching for file changes with StatReloader
INFO 2025-07-13 15:52:09,805 basehttp "GET /center/nubo/ HTTP/1.1" 200 87053
ERROR 2025-07-13 15:52:14,758 log Internal Server Error: /center/nubo/scan/2/
Traceback (most recent call last):
  File "/Users/morti/.pyenv/versions/3.9.5/lib/python3.9/site-packages/django/core/handlers/exception.py", line 55, in inner
    response = get_response(request)
  File "/Users/morti/.pyenv/versions/3.9.5/lib/python3.9/site-packages/django/core/handlers/base.py", line 197, in _get_response
    response = wrapped_callback(request, *callback_args, **callback_kwargs)
  File "/Users/morti/.pyenv/versions/3.9.5/lib/python3.9/site-packages/django/contrib/auth/decorators.py", line 23, in _wrapper_view
    return view_func(request, *args, **kwargs)
  File "/Users/morti/Documents/Projects/SyDocDjango/sydoc_project/center_panel/views.py", line 1485, in nubo_scan
    scanned_pages = DigitizedPage.objects.filter(
NameError: name 'DigitizedPage' is not defined
ERROR 2025-07-13 15:52:14,759 basehttp "GET /center/nubo/scan/2/ HTTP/1.1" 500 71757
ERROR 2025-07-13 16:00:33,011 log Internal Server Error: /center/nubo/scan/2/
Traceback (most recent call last):
  File "/Users/morti/.pyenv/versions/3.9.5/lib/python3.9/site-packages/django/core/handlers/exception.py", line 55, in inner
    response = get_response(request)
  File "/Users/morti/.pyenv/versions/3.9.5/lib/python3.9/site-packages/django/core/handlers/base.py", line 197, in _get_response
    response = wrapped_callback(request, *callback_args, **callback_kwargs)
  File "/Users/morti/.pyenv/versions/3.9.5/lib/python3.9/site-packages/django/contrib/auth/decorators.py", line 23, in _wrapper_view
    return view_func(request, *args, **kwargs)
  File "/Users/morti/Documents/Projects/SyDocDjango/sydoc_project/center_panel/views.py", line 1485, in nubo_scan
    scanned_pages = DigitizedPage.objects.filter(
NameError: name 'DigitizedPage' is not defined
ERROR 2025-07-13 16:00:33,012 basehttp "GET /center/nubo/scan/2/ HTTP/1.1" 500 71757
INFO 2025-07-13 16:00:33,850 basehttp "GET /center/nubo/ HTTP/1.1" 200 87053
ERROR 2025-07-13 16:00:41,219 log Internal Server Error: /center/nubo/scan/2/
Traceback (most recent call last):
  File "/Users/morti/.pyenv/versions/3.9.5/lib/python3.9/site-packages/django/core/handlers/exception.py", line 55, in inner
    response = get_response(request)
  File "/Users/morti/.pyenv/versions/3.9.5/lib/python3.9/site-packages/django/core/handlers/base.py", line 197, in _get_response
    response = wrapped_callback(request, *callback_args, **callback_kwargs)
  File "/Users/morti/.pyenv/versions/3.9.5/lib/python3.9/site-packages/django/contrib/auth/decorators.py", line 23, in _wrapper_view
    return view_func(request, *args, **kwargs)
  File "/Users/morti/Documents/Projects/SyDocDjango/sydoc_project/center_panel/views.py", line 1485, in nubo_scan
    scanned_pages = DigitizedPage.objects.filter(
NameError: name 'DigitizedPage' is not defined
ERROR 2025-07-13 16:00:41,220 basehttp "GET /center/nubo/scan/2/ HTTP/1.1" 500 71757
INFO 2025-07-13 16:01:02,977 autoreload /Users/morti/Documents/Projects/SyDocDjango/sydoc_project/center_panel/views.py changed, reloading.
INFO 2025-07-13 16:01:03,634 autoreload Watching for file changes with StatReloader
INFO 2025-07-13 16:02:32,191 basehttp "GET /center/nubo/scan/2/ HTTP/1.1" 200 90935
INFO 2025-07-13 16:08:32,825 basehttp "POST /center/nubo/scan/2/ HTTP/1.1" 302 0
INFO 2025-07-13 16:08:32,845 basehttp "GET /center/nubo/scan/2/ HTTP/1.1" 200 92759
INFO 2025-07-13 16:13:37,448 autoreload /Users/morti/Documents/Projects/SyDocDjango/sydoc_project/center_panel/views.py changed, reloading.
INFO 2025-07-13 16:13:38,260 autoreload Watching for file changes with StatReloader
INFO 2025-07-13 16:14:00,976 autoreload /Users/morti/Documents/Projects/SyDocDjango/sydoc_project/center_panel/urls.py changed, reloading.
INFO 2025-07-13 16:14:01,641 autoreload Watching for file changes with StatReloader
INFO 2025-07-13 16:16:07,360 basehttp "GET /center/nubo/scan/2/ HTTP/1.1" 200 90926
INFO 2025-07-13 16:16:17,558 basehttp "POST /center/nubo/scan/2/ HTTP/1.1" 302 0
INFO 2025-07-13 16:16:17,580 basehttp "GET /center/nubo/scan/2/ HTTP/1.1" 200 93023
INFO 2025-07-13 16:16:17,608 basehttp "GET /nubo_scans/WhatsApp_Image_2025-07-11_at_16.58.361.jpeg HTTP/1.1" 200 141585
INFO 2025-07-13 16:16:23,225 basehttp "POST /center/nubo/scan/2/ HTTP/1.1" 302 0
INFO 2025-07-13 16:16:23,244 basehttp "GET /center/nubo/scan/2/ HTTP/1.1" 200 93921
INFO 2025-07-13 16:16:23,265 basehttp "GET /nubo_scans/clacklogo.png HTTP/1.1" 200 409276
INFO 2025-07-13 16:16:23,285 basehttp "GET /nubo_scans/WhatsApp_Image_2025-07-11_at_16.58.361.jpeg HTTP/1.1" 304 0
INFO 2025-07-13 16:16:26,118 basehttp "POST /center/nubo/scan/2/ HTTP/1.1" 302 0
INFO 2025-07-13 16:16:26,137 basehttp "GET /center/nubo/scan/2/ HTTP/1.1" 200 93928
INFO 2025-07-13 16:16:26,185 basehttp "GET /nubo_scans/WhatsApp_Image_2025-07-11_at_16.58.361.jpeg HTTP/1.1" 304 0
INFO 2025-07-13 16:16:26,186 basehttp "GET /nubo_scans/clacklogo.png HTTP/1.1" 304 0
INFO 2025-07-13 16:16:31,816 basehttp "GET /center/nubo/ HTTP/1.1" 200 87048
INFO 2025-07-13 16:16:34,879 basehttp "GET /center/nubo/scan/2/ HTTP/1.1" 200 92104
INFO 2025-07-13 16:16:34,917 basehttp "GET /nubo_scans/WhatsApp_Image_2025-07-11_at_16.58.361.jpeg HTTP/1.1" 304 0
INFO 2025-07-13 16:16:34,918 basehttp "GET /nubo_scans/clacklogo.png HTTP/1.1" 304 0
INFO 2025-07-13 16:18:42,345 basehttp "GET /center/nubo/ HTTP/1.1" 200 87048
INFO 2025-07-13 16:23:01,944 autoreload Watching for file changes with StatReloader
INFO 2025-07-13 16:30:38,531 autoreload Watching for file changes with StatReloader
INFO 2025-07-13 16:33:21,765 autoreload /Users/morti/Documents/Projects/SyDocDjango/sydoc_project/core/models.py changed, reloading.
INFO 2025-07-13 16:33:22,397 autoreload Watching for file changes with StatReloader
INFO 2025-07-13 16:33:36,009 autoreload /Users/morti/Documents/Projects/SyDocDjango/sydoc_project/core/models.py changed, reloading.
INFO 2025-07-13 16:33:36,657 autoreload Watching for file changes with StatReloader
INFO 2025-07-13 16:34:04,303 autoreload /Users/morti/Documents/Projects/SyDocDjango/sydoc_project/core/models.py changed, reloading.
INFO 2025-07-13 16:34:04,838 autoreload Watching for file changes with StatReloader
INFO 2025-07-13 16:34:36,976 autoreload /Users/morti/Documents/Projects/SyDocDjango/sydoc_project/core/models.py changed, reloading.
INFO 2025-07-13 16:34:38,236 autoreload Watching for file changes with StatReloader
INFO 2025-07-13 16:35:02,665 autoreload Watching for file changes with StatReloader
INFO 2025-07-13 16:35:11,026 autoreload /Users/morti/Documents/Projects/SyDocDjango/sydoc_project/core/models.py changed, reloading.
INFO 2025-07-13 16:35:15,096 autoreload Watching for file changes with StatReloader
INFO 2025-07-13 16:35:40,981 autoreload Watching for file changes with StatReloader
INFO 2025-07-13 16:36:08,751 autoreload Watching for file changes with StatReloader
INFO 2025-07-13 16:37:35,556 basehttp "GET /center/nubo/ HTTP/1.1" 200 87048
INFO 2025-07-13 16:37:48,510 basehttp "GET /center/nubo/scan/2/ HTTP/1.1" 200 92104
INFO 2025-07-13 16:37:48,558 basehttp "GET /nubo_scans/clacklogo.png HTTP/1.1" 304 0
INFO 2025-07-13 16:37:48,559 basehttp "GET /nubo_scans/WhatsApp_Image_2025-07-11_at_16.58.361.jpeg HTTP/1.1" 304 0
INFO 2025-07-13 16:38:20,529 autoreload /Users/morti/Documents/Projects/SyDocDjango/sydoc_project/center_panel/urls.py changed, reloading.
INFO 2025-07-13 16:38:20,946 autoreload Watching for file changes with StatReloader
INFO 2025-07-13 16:38:52,375 autoreload /Users/morti/Documents/Projects/SyDocDjango/sydoc_project/center_panel/views.py changed, reloading.
INFO 2025-07-13 16:38:52,891 autoreload Watching for file changes with StatReloader
INFO 2025-07-13 16:41:41,779 basehttp "GET /center/nubo/scan/2/ HTTP/1.1" 200 93079
INFO 2025-07-13 16:41:41,828 basehttp "GET /nubo_scans/WhatsApp_Image_2025-07-11_at_16.58.361.jpeg HTTP/1.1" 304 0
INFO 2025-07-13 16:41:41,828 basehttp "GET /nubo_scans/clacklogo.png HTTP/1.1" 304 0
INFO 2025-07-13 16:41:42,568 basehttp "GET /center/nubo/ HTTP/1.1" 200 88728
INFO 2025-07-13 16:41:44,881 basehttp "GET /center/nubo/view/2/ HTTP/1.1" 200 90837
INFO 2025-07-13 16:41:47,110 basehttp "GET /center/nubo/view/2/?page=2 HTTP/1.1" 200 90810
INFO 2025-07-13 16:43:00,311 autoreload /Users/morti/Documents/Projects/SyDocDjango/sydoc_project/center_panel/urls.py changed, reloading.
INFO 2025-07-13 16:43:00,886 autoreload Watching for file changes with StatReloader
INFO 2025-07-13 16:44:04,877 autoreload /Users/morti/Documents/Projects/SyDocDjango/sydoc_project/center_panel/views.py changed, reloading.
INFO 2025-07-13 16:44:10,124 autoreload Watching for file changes with StatReloader
INFO 2025-07-13 16:44:23,498 autoreload /Users/morti/Documents/Projects/SyDocDjango/sydoc_project/center_panel/views.py changed, reloading.
INFO 2025-07-13 16:44:30,522 autoreload Watching for file changes with StatReloader
INFO 2025-07-13 16:45:03,570 autoreload /Users/morti/Documents/Projects/SyDocDjango/sydoc_project/center_panel/views.py changed, reloading.
INFO 2025-07-13 16:45:04,551 autoreload Watching for file changes with StatReloader
INFO 2025-07-13 16:47:11,159 basehttp "GET /center/nubo/view/2/?page=2 HTTP/1.1" 200 91495
INFO 2025-07-13 16:47:11,247 basehttp "GET /nubo_scans/WhatsApp_Image_2025-07-11_at_16.58.361.jpeg HTTP/1.1" 304 0
INFO 2025-07-13 16:47:11,247 basehttp "GET /nubo_scans/clacklogo.png HTTP/1.1" 304 0
ERROR 2025-07-13 16:47:13,376 log Internal Server Error: /center/nubo/download/2/
Traceback (most recent call last):
  File "/Users/morti/.pyenv/versions/3.9.5/lib/python3.9/site-packages/django/core/handlers/exception.py", line 55, in inner
    response = get_response(request)
  File "/Users/morti/.pyenv/versions/3.9.5/lib/python3.9/site-packages/django/core/handlers/base.py", line 197, in _get_response
    response = wrapped_callback(request, *callback_args, **callback_kwargs)
  File "/Users/morti/.pyenv/versions/3.9.5/lib/python3.9/site-packages/django/contrib/auth/decorators.py", line 23, in _wrapper_view
    return view_func(request, *args, **kwargs)
  File "/Users/morti/Documents/Projects/SyDocDjango/sydoc_project/center_panel/views.py", line 1611, in nubo_download_book
    scanned_pages = DigitizedPage.objects.filter(book_digitization=digitization_process).order_by('page_number')
  File "/Users/morti/.pyenv/versions/3.9.5/lib/python3.9/site-packages/django/db/models/manager.py", line 87, in manager_method
    return getattr(self.get_queryset(), name)(*args, **kwargs)
  File "/Users/morti/.pyenv/versions/3.9.5/lib/python3.9/site-packages/django/db/models/query.py", line 1436, in filter
    return self._filter_or_exclude(False, args, kwargs)
  File "/Users/morti/.pyenv/versions/3.9.5/lib/python3.9/site-packages/django/db/models/query.py", line 1454, in _filter_or_exclude
    clone._filter_or_exclude_inplace(negate, args, kwargs)
  File "/Users/morti/.pyenv/versions/3.9.5/lib/python3.9/site-packages/django/db/models/query.py", line 1461, in _filter_or_exclude_inplace
    self._query.add_q(Q(*args, **kwargs))
  File "/Users/morti/.pyenv/versions/3.9.5/lib/python3.9/site-packages/django/db/models/sql/query.py", line 1546, in add_q
    clause, _ = self._add_q(q_object, self.used_aliases)
  File "/Users/morti/.pyenv/versions/3.9.5/lib/python3.9/site-packages/django/db/models/sql/query.py", line 1577, in _add_q
    child_clause, needed_inner = self.build_filter(
  File "/Users/morti/.pyenv/versions/3.9.5/lib/python3.9/site-packages/django/db/models/sql/query.py", line 1427, in build_filter
    lookups, parts, reffed_expression = self.solve_lookup_type(arg, summarize)
  File "/Users/morti/.pyenv/versions/3.9.5/lib/python3.9/site-packages/django/db/models/sql/query.py", line 1237, in solve_lookup_type
    _, field, _, lookup_parts = self.names_to_path(lookup_splitted, self.get_meta())
  File "/Users/morti/.pyenv/versions/3.9.5/lib/python3.9/site-packages/django/db/models/sql/query.py", line 1725, in names_to_path
    raise FieldError(
django.core.exceptions.FieldError: Cannot resolve keyword 'book_digitization' into field. Choices are: digitization_process, digitization_process_id, id, image, page_number, scanned_at
ERROR 2025-07-13 16:47:13,379 basehttp "GET /center/nubo/download/2/ HTTP/1.1" 500 116223
INFO 2025-07-13 16:47:41,327 autoreload /Users/morti/Documents/Projects/SyDocDjango/sydoc_project/center_panel/views.py changed, reloading.
INFO 2025-07-13 16:47:42,161 autoreload Watching for file changes with StatReloader
INFO 2025-07-13 16:49:12,947 basehttp "GET /center/nubo/download/2/ HTTP/1.1" 200 856285
INFO 2025-07-13 16:51:24,364 autoreload /Users/morti/Documents/Projects/SyDocDjango/sydoc_project/center_panel/views.py changed, reloading.
INFO 2025-07-13 16:51:24,928 autoreload Watching for file changes with StatReloader
INFO 2025-07-13 16:51:35,454 autoreload /Users/morti/Documents/Projects/SyDocDjango/sydoc_project/center_panel/views.py changed, reloading.
INFO 2025-07-13 16:51:35,944 autoreload Watching for file changes with StatReloader
INFO 2025-07-13 16:51:45,384 autoreload /Users/morti/Documents/Projects/SyDocDjango/sydoc_project/center_panel/views.py changed, reloading.
INFO 2025-07-13 16:51:46,001 autoreload Watching for file changes with StatReloader
INFO 2025-07-13 16:52:11,662 autoreload /Users/morti/Documents/Projects/SyDocDjango/sydoc_project/center_panel/views.py changed, reloading.
INFO 2025-07-13 16:52:12,113 autoreload Watching for file changes with StatReloader
INFO 2025-07-13 16:52:34,501 autoreload /Users/morti/Documents/Projects/SyDocDjango/sydoc_project/center_panel/views.py changed, reloading.
INFO 2025-07-13 16:52:34,998 autoreload Watching for file changes with StatReloader
INFO 2025-07-13 16:53:42,319 basehttp "GET /center/nubo/download/2/ HTTP/1.1" 200 307187
INFO 2025-07-13 16:53:52,537 basehttp "GET /center/nubo/view/2/?page=2 HTTP/1.1" 200 91495
INFO 2025-07-13 16:53:54,864 basehttp "GET /center/nubo/view/2/ HTTP/1.1" 200 91522
INFO 2025-07-13 16:53:55,748 basehttp "GET /center/nubo/ HTTP/1.1" 200 89403
INFO 2025-07-13 16:53:58,996 basehttp "GET /center/nubo/scan/2/ HTTP/1.1" 200 93079
INFO 2025-07-13 16:53:59,048 basehttp "GET /nubo_scans/WhatsApp_Image_2025-07-11_at_16.58.361.jpeg HTTP/1.1" 304 0
INFO 2025-07-13 16:53:59,048 basehttp "GET /nubo_scans/clacklogo.png HTTP/1.1" 304 0
INFO 2025-07-13 16:54:18,755 basehttp "POST /center/nubo/scan/2/ HTTP/1.1" 302 0
INFO 2025-07-13 16:54:18,779 basehttp "GET /center/nubo/scan/2/ HTTP/1.1" 200 94905
INFO 2025-07-13 16:55:04,968 basehttp "POST /center/nubo/scan/2/ HTTP/1.1" 302 0
INFO 2025-07-13 16:55:04,991 basehttp "GET /center/nubo/scan/2/ HTTP/1.1" 200 95796
INFO 2025-07-13 16:55:05,026 basehttp "GET /nubo_scans/topography.svg HTTP/1.1" 200 91567
INFO 2025-07-13 16:55:06,713 basehttp "GET /nubo_scans/topography.svg HTTP/1.1" 304 0
INFO 2025-07-13 16:55:28,859 basehttp "POST /center/nubo/scan/2/ HTTP/1.1" 302 0
INFO 2025-07-13 16:55:28,877 basehttp "GET /center/nubo/scan/2/ HTTP/1.1" 200 96742
INFO 2025-07-13 16:55:28,898 basehttp "GET /nubo_scans/CleanShot_2025-06-06_at_23.04.172x.png HTTP/1.1" 200 91764
INFO 2025-07-13 16:55:28,923 basehttp "GET /nubo_scans/topography.svg HTTP/1.1" 304 0
INFO 2025-07-13 16:55:30,516 basehttp "GET /nubo_scans/CleanShot_2025-06-06_at_23.04.172x.png HTTP/1.1" 304 0
INFO 2025-07-13 16:55:35,658 basehttp "GET /center/nubo/view/2/ HTTP/1.1" 200 93188
INFO 2025-07-13 16:55:35,706 basehttp "GET /nubo_scans/topography.svg HTTP/1.1" 304 0
INFO 2025-07-13 16:55:35,706 basehttp "GET /nubo_scans/CleanShot_2025-06-06_at_23.04.172x.png HTTP/1.1" 304 0
INFO 2025-07-13 16:55:38,024 basehttp "GET /center/nubo/view/2/?page=2 HTTP/1.1" 200 93886
INFO 2025-07-13 16:55:38,073 basehttp "GET /nubo_scans/CleanShot_2025-06-06_at_23.04.172x.png HTTP/1.1" 304 0
INFO 2025-07-13 16:55:38,073 basehttp "GET /nubo_scans/topography.svg HTTP/1.1" 304 0
INFO 2025-07-13 16:55:39,575 basehttp "GET /center/nubo/view/2/?page=3 HTTP/1.1" 200 93887
INFO 2025-07-13 16:55:39,614 basehttp "GET /nubo_scans/CleanShot_2025-06-06_at_23.04.172x.png HTTP/1.1" 304 0
INFO 2025-07-13 16:55:41,164 basehttp "GET /center/nubo/view/2/?page=4 HTTP/1.1" 200 93186
INFO 2025-07-13 16:55:41,242 basehttp "GET /nubo_scans/topography.svg HTTP/1.1" 304 0
INFO 2025-07-13 16:55:41,244 basehttp "GET /nubo_scans/CleanShot_2025-06-06_at_23.04.172x.png HTTP/1.1" 304 0
INFO 2025-07-13 16:55:44,451 basehttp "GET /center/nubo/download/2/ HTTP/1.1" 200 372921
INFO 2025-07-13 16:56:30,766 basehttp "GET /center/nubo/view/2/?page=3 HTTP/1.1" 200 93887
INFO 2025-07-13 16:56:31,584 basehttp "GET /center/nubo/view/2/?page=2 HTTP/1.1" 200 93886
INFO 2025-07-13 16:56:32,149 basehttp "GET /center/nubo/view/2/?page=3 HTTP/1.1" 200 93887
INFO 2025-07-13 16:56:33,033 basehttp "GET /center/nubo/view/2/?page=1 HTTP/1.1" 200 93188
INFO 2025-07-13 16:56:33,075 basehttp "GET /nubo_scans/CleanShot_2025-06-06_at_23.04.172x.png HTTP/1.1" 304 0
INFO 2025-07-13 16:56:33,075 basehttp "GET /nubo_scans/topography.svg HTTP/1.1" 304 0
INFO 2025-07-13 16:56:35,966 basehttp "GET /center/nubo/view/2/?page=3 HTTP/1.1" 200 93887
INFO 2025-07-13 16:56:36,915 basehttp "GET /center/nubo/view/2/?page=2 HTTP/1.1" 200 93886
INFO 2025-07-13 16:58:59,719 basehttp "GET /center/books/add/ HTTP/1.1" 200 91302
INFO 2025-07-13 16:59:35,766 autoreload /Users/morti/Documents/Projects/SyDocDjango/sydoc_project/center_panel/urls.py changed, reloading.
INFO 2025-07-13 16:59:36,295 autoreload Watching for file changes with StatReloader
INFO 2025-07-13 16:59:59,991 autoreload /Users/morti/Documents/Projects/SyDocDjango/sydoc_project/center_panel/views.py changed, reloading.
INFO 2025-07-13 17:00:01,013 autoreload Watching for file changes with StatReloader
INFO 2025-07-13 17:12:37,655 autoreload /Users/morti/Documents/Projects/SyDocDjango/sydoc_project/center_panel/urls.py changed, reloading.
INFO 2025-07-13 17:12:38,493 autoreload Watching for file changes with StatReloader
INFO 2025-07-13 17:13:04,377 autoreload /Users/morti/Documents/Projects/SyDocDjango/sydoc_project/center_panel/urls.py changed, reloading.
INFO 2025-07-13 17:13:04,793 autoreload Watching for file changes with StatReloader
INFO 2025-07-13 17:13:54,554 autoreload /Users/morti/Documents/Projects/SyDocDjango/sydoc_project/center_panel/views.py changed, reloading.
INFO 2025-07-13 17:13:55,074 autoreload Watching for file changes with StatReloader
INFO 2025-07-13 17:14:08,559 autoreload /Users/morti/Documents/Projects/SyDocDjango/sydoc_project/center_panel/views.py changed, reloading.
INFO 2025-07-13 17:14:09,041 autoreload Watching for file changes with StatReloader
INFO 2025-07-13 17:16:41,361 autoreload /Users/morti/Documents/Projects/SyDocDjango/sydoc_project/center_panel/urls.py changed, reloading.
INFO 2025-07-13 17:16:42,333 autoreload Watching for file changes with StatReloader
INFO 2025-07-13 17:17:40,541 autoreload /Users/morti/Documents/Projects/SyDocDjango/sydoc_project/center_panel/urls.py changed, reloading.
INFO 2025-07-13 17:17:40,938 autoreload Watching for file changes with StatReloader
INFO 2025-07-13 17:19:07,061 autoreload /Users/morti/Documents/Projects/SyDocDjango/sydoc_project/center_panel/views.py changed, reloading.
INFO 2025-07-13 17:19:07,573 autoreload Watching for file changes with StatReloader
INFO 2025-07-13 17:19:53,133 basehttp "POST /center/books/add/ HTTP/1.1" 200 92004
WARNING 2025-07-13 17:19:53,177 log Not Found: /clacklogo.png
WARNING 2025-07-13 17:19:53,177 basehttp "GET /clacklogo.png HTTP/1.1" 404 3438
INFO 2025-07-13 17:19:55,865 basehttp "POST /center/books/add/ HTTP/1.1" 200 91652
INFO 2025-07-13 17:20:07,775 basehttp "POST /center/books/add/ HTTP/1.1" 200 91651
INFO 2025-07-13 17:20:12,117 basehttp "POST /center/books/add/ HTTP/1.1" 200 91650
INFO 2025-07-13 17:20:21,126 basehttp "POST /center/books/add/ HTTP/1.1" 200 91642
INFO 2025-07-13 17:20:32,684 basehttp "POST /center/books/add/ HTTP/1.1" 302 0
INFO 2025-07-13 17:20:32,729 basehttp "GET /center/books/ HTTP/1.1" 200 90938
INFO 2025-07-13 17:20:32,762 basehttp "GET /books/covers/clacklogo.png HTTP/1.1" 200 409276
INFO 2025-07-13 17:21:04,374 basehttp "GET /center/nubo/ HTTP/1.1" 200 89405
INFO 2025-07-13 17:21:08,560 basehttp "GET /center/nubo/view/2/ HTTP/1.1" 200 100768
INFO 2025-07-13 17:21:08,583 basehttp "GET /nubo_scans/topography.svg HTTP/1.1" 304 0
INFO 2025-07-13 17:21:08,600 basehttp "GET /nubo_scans/WhatsApp_Image_2025-07-11_at_16.58.361.jpeg HTTP/1.1" 304 0
INFO 2025-07-13 17:21:08,601 basehttp "GET /nubo_scans/CleanShot_2025-06-06_at_23.04.172x.png HTTP/1.1" 304 0
INFO 2025-07-13 17:21:08,601 basehttp "GET /nubo_scans/clacklogo.png HTTP/1.1" 304 0
INFO 2025-07-13 17:21:10,470 basehttp "GET /center/nubo/ HTTP/1.1" 200 89405
INFO 2025-07-13 17:21:12,579 basehttp "GET /center/nubo/scan/2/ HTTP/1.1" 200 94925
INFO 2025-07-13 17:21:34,936 autoreload /Users/morti/Documents/Projects/SyDocDjango/sydoc_project/center_panel/urls.py changed, reloading.
INFO 2025-07-13 17:21:35,591 autoreload Watching for file changes with StatReloader
INFO 2025-07-13 17:22:07,346 autoreload /Users/morti/Documents/Projects/SyDocDjango/sydoc_project/center_panel/urls.py changed, reloading.
INFO 2025-07-13 17:22:07,765 autoreload Watching for file changes with StatReloader
INFO 2025-07-13 17:22:45,277 autoreload /Users/morti/Documents/Projects/SyDocDjango/sydoc_project/center_panel/views.py changed, reloading.
INFO 2025-07-13 17:22:45,746 autoreload Watching for file changes with StatReloader
INFO 2025-07-13 17:24:03,144 basehttp "GET /center/nubo/scan/2/ HTTP/1.1" 200 98481
INFO 2025-07-13 17:24:03,190 basehttp "GET /nubo_scans/CleanShot_2025-06-06_at_23.04.172x.png HTTP/1.1" 304 0
INFO 2025-07-13 17:24:03,191 basehttp "GET /nubo_scans/topography.svg HTTP/1.1" 304 0
INFO 2025-07-13 17:24:07,081 basehttp "GET /center/nubo/delete-page/2/ HTTP/1.1" 302 0
INFO 2025-07-13 17:24:07,103 basehttp "GET /center/nubo/scan/2/ HTTP/1.1" 200 98515
INFO 2025-07-13 17:24:22,003 basehttp "GET /center/nubo/delete-page/3/ HTTP/1.1" 302 0
INFO 2025-07-13 17:24:22,025 basehttp "GET /center/nubo/scan/2/ HTTP/1.1" 200 96728
INFO 2025-07-13 17:24:41,436 basehttp "GET /center/dashboard/ HTTP/1.1" 200 125148
INFO 2025-07-13 17:24:47,042 basehttp "GET /center/books/ HTTP/1.1" 200 88980
INFO 2025-07-13 17:24:47,066 basehttp "GET /books/covers/clacklogo.png HTTP/1.1" 304 0
WARNING 2025-07-13 17:27:49,129 log Not Found: /center/books/2
WARNING 2025-07-13 17:27:49,129 basehttp "GET /center/books/2 HTTP/1.1" 404 16274
INFO 2025-07-13 17:27:52,589 basehttp "GET /center/books/ HTTP/1.1" 200 88980
INFO 2025-07-13 17:28:36,086 basehttp "GET /center/dashboard/ HTTP/1.1" 302 0
INFO 2025-07-13 17:29:56,785 basehttp "GET /center/books/2/ HTTP/1.1" 200 81031
INFO 2025-07-13 17:30:02,359 basehttp "GET /center/books/ HTTP/1.1" 200 88980
INFO 2025-07-13 17:38:21,105 basehttp "GET /center/books/ HTTP/1.1" 200 89352
INFO 2025-07-13 17:38:21,142 basehttp "GET /books/covers/clacklogo.png HTTP/1.1" 304 0
WARNING 2025-07-13 17:38:26,828 log Not Found: /center/books/1
WARNING 2025-07-13 17:38:26,828 basehttp "GET /center/books/1 HTTP/1.1" 404 16274
INFO 2025-07-13 17:40:24,278 basehttp "GET /center/books/2/ HTTP/1.1" 200 89098
INFO 2025-07-13 17:40:35,703 basehttp "GET /center/books/3/ HTTP/1.1" 200 88196
INFO 2025-07-13 17:40:35,717 basehttp "GET /books/covers/clacklogo.png HTTP/1.1" 304 0
INFO 2025-07-13 17:40:41,896 basehttp "GET /books/digital/wow.txt HTTP/1.1" 200 1426
INFO 2025-07-13 17:40:45,906 basehttp "GET /center/books/3/edit/ HTTP/1.1" 200 92556
INFO 2025-07-13 17:40:47,273 basehttp "GET /center/books/3/ HTTP/1.1" 200 88196
INFO 2025-07-13 17:40:48,364 basehttp "GET /center/books/2/ HTTP/1.1" 200 89098
INFO 2025-07-13 17:40:50,658 basehttp "GET /center/books/ HTTP/1.1" 200 89352
INFO 2025-07-13 17:41:01,694 basehttp "GET /center/trainings/ HTTP/1.1" 200 88492
INFO 2025-07-13 17:41:03,826 basehttp "GET /center/members/ HTTP/1.1" 200 84798
INFO 2025-07-13 17:41:40,548 basehttp "GET /profile/ HTTP/1.1" 200 85472
WARNING 2025-07-13 17:41:40,578 log Not Found: /profile_pics/45e5abbb4dc1154c2fdfbe64bfec8baf_aPsietI1.jpg
WARNING 2025-07-13 17:41:40,578 basehttp "GET /profile_pics/45e5abbb4dc1154c2fdfbe64bfec8baf_aPsietI1.jpg HTTP/1.1" 404 3618
WARNING 2025-07-13 17:51:28,773 log Not Found: /profiles
WARNING 2025-07-13 17:51:28,773 basehttp "GET /profiles HTTP/1.1" 404 3418
WARNING 2025-07-13 17:51:37,617 log Not Found: /profile/1
WARNING 2025-07-13 17:51:37,617 basehttp "GET /profile/1 HTTP/1.1" 404 3422
WARNING 2025-07-13 17:51:42,521 log Not Found: /profiles/1
WARNING 2025-07-13 17:51:42,521 basehttp "GET /profiles/1 HTTP/1.1" 404 3426
WARNING 2025-07-13 17:51:47,546 log Not Found: /profiles/2
WARNING 2025-07-13 17:51:47,569 basehttp "GET /profiles/2 HTTP/1.1" 404 3426
WARNING 2025-07-13 17:52:07,088 log Not Found: /center/profiles/2
WARNING 2025-07-13 17:52:07,088 basehttp "GET /center/profiles/2 HTTP/1.1" 404 16286
WARNING 2025-07-13 17:52:10,070 log Not Found: /center/profiles/1
WARNING 2025-07-13 17:52:10,070 basehttp "GET /center/profiles/1 HTTP/1.1" 404 16286
INFO 2025-07-13 17:52:22,736 basehttp "GET /center/profiles/ HTTP/1.1" 200 84671
WARNING 2025-07-13 17:52:22,811 log Not Found: /profile_pics/45e5abbb4dc1154c2fdfbe64bfec8baf_aPsietI1.jpg
WARNING 2025-07-13 17:52:22,823 basehttp "GET /profile_pics/45e5abbb4dc1154c2fdfbe64bfec8baf_aPsietI1.jpg HTTP/1.1" 404 3618
INFO 2025-07-13 17:52:25,715 basehttp "GET /center/profiles/1/ HTTP/1.1" 200 85964
WARNING 2025-07-13 17:52:25,786 log Not Found: /profile_pics/45e5abbb4dc1154c2fdfbe64bfec8baf_aPsietI1.jpg
WARNING 2025-07-13 17:52:25,799 basehttp "GET /profile_pics/45e5abbb4dc1154c2fdfbe64bfec8baf_aPsietI1.jpg HTTP/1.1" 404 3618
INFO 2025-07-13 17:52:27,380 basehttp "GET /center/profiles/ HTTP/1.1" 200 86217
INFO 2025-07-13 17:52:29,284 basehttp "GET /center/profiles/1/edit/ HTTP/1.1" 200 93133
WARNING 2025-07-13 17:52:29,372 log Not Found: /profile_pics/45e5abbb4dc1154c2fdfbe64bfec8baf_aPsietI1.jpg
WARNING 2025-07-13 17:52:29,373 basehttp "GET /profile_pics/45e5abbb4dc1154c2fdfbe64bfec8baf_aPsietI1.jpg HTTP/1.1" 404 3618
INFO 2025-07-13 17:52:32,729 basehttp "GET /center/profiles/ HTTP/1.1" 200 86217
INFO 2025-07-13 17:52:34,906 basehttp "GET /center/profiles/1/ HTTP/1.1" 200 87510
WARNING 2025-07-13 17:52:35,021 log Not Found: /profile_pics/45e5abbb4dc1154c2fdfbe64bfec8baf_aPsietI1.jpg
WARNING 2025-07-13 17:52:35,022 basehttp "GET /profile_pics/45e5abbb4dc1154c2fdfbe64bfec8baf_aPsietI1.jpg HTTP/1.1" 404 3618
INFO 2025-07-13 17:52:36,108 basehttp "GET /center/profiles/ HTTP/1.1" 200 86217
INFO 2025-07-13 17:52:41,432 basehttp "GET /center/profiles/ HTTP/1.1" 200 86217
WARNING 2025-07-13 17:52:41,503 log Not Found: /profile_pics/45e5abbb4dc1154c2fdfbe64bfec8baf_aPsietI1.jpg
WARNING 2025-07-13 17:52:41,516 basehttp "GET /profile_pics/45e5abbb4dc1154c2fdfbe64bfec8baf_aPsietI1.jpg HTTP/1.1" 404 3618
INFO 2025-07-13 17:52:43,619 basehttp "GET /center/profiles/ HTTP/1.1" 200 86217
WARNING 2025-07-13 17:52:43,693 log Not Found: /profile_pics/45e5abbb4dc1154c2fdfbe64bfec8baf_aPsietI1.jpg
WARNING 2025-07-13 17:52:43,693 basehttp "GET /profile_pics/45e5abbb4dc1154c2fdfbe64bfec8baf_aPsietI1.jpg HTTP/1.1" 404 3618
INFO 2025-07-13 17:52:47,276 basehttp "GET /center/nubo/ HTTP/1.1" 200 90982
INFO 2025-07-13 17:53:59,258 basehttp "GET /center/nubo/ HTTP/1.1" 200 90982
INFO 2025-07-13 17:54:14,021 basehttp "GET /center/nubo/ HTTP/1.1" 200 90982
INFO 2025-07-13 17:54:17,545 basehttp "GET /center/books/ HTTP/1.1" 200 90929
INFO 2025-07-13 17:54:17,644 basehttp "GET /books/covers/clacklogo.png HTTP/1.1" 304 0
INFO 2025-07-13 17:54:23,629 basehttp "GET /center/books/ HTTP/1.1" 200 90929
INFO 2025-07-13 17:54:30,035 basehttp "GET /center/books/ HTTP/1.1" 200 90929
INFO 2025-07-13 17:54:32,182 basehttp "GET /center/books/ HTTP/1.1" 200 90929
INFO 2025-07-13 18:32:26,026 autoreload Watching for file changes with StatReloader
INFO 2025-07-13 18:32:37,502 autoreload /Users/morti/Documents/Projects/SyDocDjango/sydoc_project/core/models.py changed, reloading.
INFO 2025-07-13 18:32:42,151 autoreload Watching for file changes with StatReloader
INFO 2025-07-13 18:32:46,350 basehttp "GET /admin/ HTTP/1.1" 200 16189
INFO 2025-07-13 18:32:46,517 basehttp "GET /static/admin/css/dashboard.css HTTP/1.1" 304 0
INFO 2025-07-13 18:32:46,535 basehttp "GET /static/admin/css/dark_mode.css HTTP/1.1" 200 2929
INFO 2025-07-13 18:32:46,553 basehttp "GET /static/admin/js/theme.js HTTP/1.1" 200 1943
INFO 2025-07-13 18:32:46,565 basehttp "GET /static/admin/css/nav_sidebar.css HTTP/1.1" 200 2694
INFO 2025-07-13 18:32:46,567 basehttp "GET /static/admin/css/responsive.css HTTP/1.1" 200 18559
INFO 2025-07-13 18:32:46,569 basehttp "GET /static/admin/js/nav_sidebar.js HTTP/1.1" 200 3063
INFO 2025-07-13 18:32:46,571 basehttp "GET /static/admin/css/base.css HTTP/1.1" 200 21310
INFO 2025-07-13 18:32:46,607 basehttp "GET /static/admin/img/icon-addlink.svg HTTP/1.1" 200 331
INFO 2025-07-13 18:32:46,607 basehttp "GET /static/admin/img/icon-changelink.svg HTTP/1.1" 200 380
WARNING 2025-07-13 18:32:46,678 log Not Found: /favicon.ico
INFO 2025-07-13 18:32:46,679 basehttp - Broken pipe from ('127.0.0.1', 59128)
INFO 2025-07-13 18:33:50,884 basehttp "GET /admin/ HTTP/1.1" 200 16189
INFO 2025-07-13 18:33:54,758 basehttp "GET /admin/auth/group/ HTTP/1.1" 200 13255
INFO 2025-07-13 18:33:54,941 basehttp "GET /static/admin/js/filters.js HTTP/1.1" 200 978
INFO 2025-07-13 18:33:54,941 basehttp "GET /static/admin/css/changelists.css HTTP/1.1" 200 6566
INFO 2025-07-13 18:33:54,945 basehttp "GET /static/admin/img/search.svg HTTP/1.1" 200 458
INFO 2025-07-13 18:33:55,003 basehttp "GET /static/admin/js/jquery.init.js HTTP/1.1" 200 347
INFO 2025-07-13 18:33:55,023 basehttp "GET /static/admin/js/prepopulate.js HTTP/1.1" 200 1531
INFO 2025-07-13 18:33:55,024 basehttp "GET /static/admin/js/core.js HTTP/1.1" 200 5682
INFO 2025-07-13 18:33:55,024 basehttp "GET /static/admin/js/urlify.js HTTP/1.1" 200 7887
INFO 2025-07-13 18:33:55,074 basehttp "GET /static/admin/js/admin/RelatedObjectLookups.js HTTP/1.1" 200 8943
INFO 2025-07-13 18:33:55,089 basehttp "GET /static/admin/js/vendor/jquery/jquery.js HTTP/1.1" 304 0
INFO 2025-07-13 18:33:55,157 basehttp "GET /static/admin/js/actions.js HTTP/1.1" 200 7872
INFO 2025-07-13 18:33:55,158 basehttp "GET /admin/jsi18n/ HTTP/1.1" 200 8621
INFO 2025-07-13 18:33:55,191 basehttp "GET /static/admin/js/vendor/xregexp/xregexp.js HTTP/1.1" 200 232381
INFO 2025-07-13 18:33:55,358 basehttp "GET /static/admin/img/tooltag-add.svg HTTP/1.1" 200 331
INFO 2025-07-13 18:33:58,299 basehttp "GET /admin/auth/user/ HTTP/1.1" 200 16571
INFO 2025-07-13 18:33:58,481 basehttp "GET /admin/jsi18n/ HTTP/1.1" 200 8621
INFO 2025-07-13 18:33:58,517 basehttp "GET /static/admin/img/icon-yes.svg HTTP/1.1" 200 436
INFO 2025-07-13 18:33:58,624 basehttp "GET /static/admin/img/sorting-icons.svg HTTP/1.1" 200 1097
INFO 2025-07-13 18:34:06,912 basehttp "GET /admin/core/archivaldocument/ HTTP/1.1" 200 17207
INFO 2025-07-13 18:34:06,956 basehttp "GET /admin/jsi18n/ HTTP/1.1" 200 8621
INFO 2025-07-13 18:34:53,605 basehttp "GET /admin/auth/group/add/ HTTP/1.1" 200 25421
INFO 2025-07-13 18:34:53,642 basehttp "GET /static/admin/js/SelectFilter2.js HTTP/1.1" 200 15292
INFO 2025-07-13 18:34:53,643 basehttp "GET /static/admin/js/change_form.js HTTP/1.1" 304 0
INFO 2025-07-13 18:34:53,644 basehttp "GET /static/admin/js/prepopulate_init.js HTTP/1.1" 304 0
INFO 2025-07-13 18:34:53,644 basehttp "GET /static/admin/css/forms.css HTTP/1.1" 200 9090
INFO 2025-07-13 18:34:53,645 basehttp "GET /static/admin/js/SelectBox.js HTTP/1.1" 200 4530
INFO 2025-07-13 18:34:53,649 basehttp "GET /admin/jsi18n/ HTTP/1.1" 200 8621
INFO 2025-07-13 18:34:53,651 basehttp "GET /static/admin/css/widgets.css HTTP/1.1" 304 0
INFO 2025-07-13 18:34:53,708 basehttp "GET /static/admin/img/icon-unknown-alt.svg HTTP/1.1" 200 655
INFO 2025-07-13 18:34:53,708 basehttp "GET /static/admin/img/icon-unknown.svg HTTP/1.1" 200 655
INFO 2025-07-13 18:34:53,710 basehttp "GET /static/admin/img/selector-icons.svg HTTP/1.1" 200 3291
INFO 2025-07-13 18:39:07,670 autoreload /Users/morti/Documents/Projects/SyDocDjango/sydoc_project/center_panel/admin.py changed, reloading.
INFO 2025-07-13 18:39:13,452 autoreload Watching for file changes with StatReloader
INFO 2025-07-13 18:40:10,162 autoreload /Users/morti/Documents/Projects/SyDocDjango/sydoc_project/center_panel/admin.py changed, reloading.
INFO 2025-07-13 18:40:14,679 autoreload Watching for file changes with StatReloader
INFO 2025-07-13 18:41:34,409 autoreload Watching for file changes with StatReloader
INFO 2025-07-13 18:41:36,938 basehttp "GET /admin/ HTTP/1.1" 200 16189
INFO 2025-07-13 18:41:39,695 basehttp "GET /admin/core/book/1/change/ HTTP/1.1" 302 0
INFO 2025-07-13 18:41:39,731 basehttp "GET /admin/ HTTP/1.1" 200 16393
INFO 2025-07-13 18:41:39,762 basehttp "GET /static/admin/img/icon-alert.svg HTTP/1.1" 200 504
INFO 2025-07-13 18:41:46,870 basehttp "GET /admin/core/author/1/change/ HTTP/1.1" 200 16755
INFO 2025-07-13 18:41:46,961 basehttp "GET /static/admin/js/calendar.js HTTP/1.1" 200 8466
INFO 2025-07-13 18:41:46,962 basehttp "GET /static/admin/js/admin/DateTimeShortcuts.js HTTP/1.1" 200 19319
INFO 2025-07-13 18:41:46,969 basehttp "GET /admin/jsi18n/ HTTP/1.1" 200 8621
INFO 2025-07-13 18:41:47,119 basehttp "GET /static/admin/img/icon-calendar.svg HTTP/1.1" 200 1086
INFO 2025-07-13 18:45:24,605 autoreload /Users/morti/Documents/Projects/SyDocDjango/sydoc_project/center_panel/urls.py changed, reloading.
INFO 2025-07-13 18:45:25,356 autoreload Watching for file changes with StatReloader
INFO 2025-07-13 18:45:37,983 autoreload /Users/morti/Documents/Projects/SyDocDjango/sydoc_project/center_panel/views.py changed, reloading.
INFO 2025-07-13 18:45:39,552 autoreload Watching for file changes with StatReloader
INFO 2025-07-13 18:48:10,495 basehttp "GET /center/dashboard/ HTTP/1.1" 200 126509
INFO 2025-07-13 18:48:15,862 basehttp "GET /center/admin/ HTTP/1.1" 302 0
INFO 2025-07-13 18:48:15,974 basehttp "GET /center/dashboard/ HTTP/1.1" 200 128529
INFO 2025-07-13 18:48:23,933 basehttp "GET /center/admin/ HTTP/1.1" 302 0
INFO 2025-07-13 18:48:25,451 basehttp "GET /center/dashboard/ HTTP/1.1" 200 128529
INFO 2025-07-13 18:49:11,704 basehttp "GET /center/admin/ HTTP/1.1" 302 0
INFO 2025-07-13 18:49:11,800 basehttp "GET /center/dashboard/ HTTP/1.1" 200 128529
INFO 2025-07-13 18:50:16,792 autoreload /Users/morti/Documents/Projects/SyDocDjango/sydoc_project/center_panel/views.py changed, reloading.
INFO 2025-07-13 18:50:17,237 autoreload Watching for file changes with StatReloader
INFO 2025-07-13 18:50:41,205 basehttp "GET /center/dashboard/ HTTP/1.1" 200 126509
INFO 2025-07-13 18:50:42,652 basehttp "GET /center/admin/ HTTP/1.1" 200 96698
INFO 2025-07-13 18:51:10,069 basehttp "GET /center/loans/add/ HTTP/1.1" 200 87583
INFO 2025-07-13 18:51:10,816 basehttp "GET /center/admin/ HTTP/1.1" 200 96698
INFO 2025-07-13 18:54:20,890 basehttp "GET /center/activities/ HTTP/1.1" 200 92689
INFO 2025-07-13 18:54:21,228 basehttp "GET /static/center_panel/js/dataTables.french.json HTTP/1.1" 200 1050
INFO 2025-07-13 18:54:24,444 basehttp "GET /center/admin/ HTTP/1.1" 200 96698
INFO 2025-07-13 18:54:39,541 basehttp "GET /center/admin/ HTTP/1.1" 302 0
INFO 2025-07-13 18:54:39,702 basehttp "GET /center/dashboard/ HTTP/1.1" 200 128469
INFO 2025-07-13 18:54:44,927 basehttp "GET /center/admin/ HTTP/1.1" 302 0
INFO 2025-07-13 18:54:45,001 basehttp "GET /center/dashboard/ HTTP/1.1" 200 128469
INFO 2025-07-13 18:55:20,686 basehttp "GET /center/dashboard/ HTTP/1.1" 200 126509
INFO 2025-07-13 18:55:22,799 basehttp "GET /center/admin/ HTTP/1.1" 200 109849
INFO 2025-07-13 20:01:54,478 basehttp "GET /center/admin/ HTTP/1.1" 200 136859
INFO 2025-07-13 21:02:26,647 autoreload /Users/morti/Documents/Projects/SyDocDjango/sydoc_project/sydoc_project/settings.py changed, reloading.
INFO 2025-07-13 21:32:45,520 autoreload Watching for file changes with StatReloader
INFO 2025-07-13 21:44:11,383 basehttp "GET /admin/ HTTP/1.1" 302 0
INFO 2025-07-13 21:44:11,540 basehttp "GET /admin/login/?next=/admin/ HTTP/1.1" 200 4259
INFO 2025-07-13 21:44:11,667 basehttp - Broken pipe from ('127.0.0.1', 56794)
INFO 2025-07-13 21:44:11,669 basehttp "GET /static/admin/css/login.css HTTP/1.1" 200 958
INFO 2025-07-13 21:44:21,346 basehttp "POST /admin/login/?next=/admin/ HTTP/1.1" 302 0
INFO 2025-07-13 21:44:21,462 basehttp "GET /admin/ HTTP/1.1" 200 13999
INFO 2025-07-13 21:44:26,860 basehttp "GET /admin/core/documentationcenter/ HTTP/1.1" 200 14947
INFO 2025-07-13 21:44:26,975 basehttp - Broken pipe from ('127.0.0.1', 56814)
INFO 2025-07-13 21:44:26,976 basehttp - Broken pipe from ('127.0.0.1', 56785)
INFO 2025-07-13 21:44:27,017 basehttp "GET /admin/jsi18n/ HTTP/1.1" 200 8621
INFO 2025-07-13 21:44:34,934 basehttp "GET /admin/core/digitalizationrequest/ HTTP/1.1" 200 15652
INFO 2025-07-13 21:44:36,243 basehttp "GET /admin/jsi18n/ HTTP/1.1" 200 8621
WARNING 2025-07-13 22:13:39,743 log Not Found: /center/
WARNING 2025-07-13 22:13:39,743 basehttp "GET /center/ HTTP/1.1" 404 16425
WARNING 2025-07-13 22:13:43,259 log Not Found: /center/logs
WARNING 2025-07-13 22:13:43,259 basehttp "GET /center/logs HTTP/1.1" 404 16442
INFO 2025-07-13 22:13:48,107 basehttp "GET /center/dashboard/ HTTP/1.1" 302 0
INFO 2025-07-13 22:13:48,565 basehttp "GET /admin/ HTTP/1.1" 200 14201
INFO 2025-07-13 22:13:49,117 basehttp "GET /static/admin/img/icon-no.svg HTTP/1.1" 200 560
INFO 2025-07-14 03:00:36,330 autoreload Watching for file changes with StatReloader
INFO 2025-07-14 03:00:37,735 basehttp "GET / HTTP/1.1" 200 84950
INFO 2025-07-14 03:21:02,630 basehttp "GET / HTTP/1.1" 200 84950
INFO 2025-07-14 03:21:54,087 basehttp "GET / HTTP/1.1" 200 85487
INFO 2025-07-14 03:21:55,139 basehttp "GET / HTTP/1.1" 200 85487
INFO 2025-07-14 03:21:58,028 basehttp "GET / HTTP/1.1" 200 85487
INFO 2025-07-14 03:22:03,416 basehttp "GET / HTTP/1.1" 200 85487
INFO 2025-07-14 03:22:03,847 basehttp "GET / HTTP/1.1" 200 85487
INFO 2025-07-14 03:22:04,346 basehttp "GET / HTTP/1.1" 200 85487
INFO 2025-07-14 03:22:04,453 basehttp "GET / HTTP/1.1" 200 85487
INFO 2025-07-14 03:22:09,349 basehttp "GET / HTTP/1.1" 200 85488
INFO 2025-07-14 03:22:10,245 basehttp "GET / HTTP/1.1" 200 85488
INFO 2025-07-14 03:28:53,516 basehttp "GET / HTTP/1.1" 200 85488
INFO 2025-07-14 03:29:27,067 basehttp "GET / HTTP/1.1" 200 85530
INFO 2025-07-14 03:29:29,623 basehttp "GET / HTTP/1.1" 200 85530
INFO 2025-07-14 03:29:30,348 basehttp "GET / HTTP/1.1" 200 85530
INFO 2025-07-14 03:29:57,042 basehttp "GET / HTTP/1.1" 200 85495
INFO 2025-07-14 03:30:07,620 basehttp "GET / HTTP/1.1" 200 85494
INFO 2025-07-14 03:30:13,228 basehttp "GET / HTTP/1.1" 200 85494
INFO 2025-07-14 03:30:18,364 basehttp "GET / HTTP/1.1" 200 85495
INFO 2025-07-14 03:30:23,248 basehttp "GET / HTTP/1.1" 200 85495
INFO 2025-07-14 04:18:29,437 basehttp "GET /center/dashboard/ HTTP/1.1" 302 0
INFO 2025-07-14 04:18:29,515 basehttp "GET /admin/ HTTP/1.1" 200 14201
INFO 2025-07-14 04:18:29,582 basehttp "GET /static/admin/img/icon-no.svg HTTP/1.1" 200 560
INFO 2025-07-14 04:18:29,582 basehttp "GET /static/admin/img/icon-addlink.svg HTTP/1.1" 200 331
INFO 2025-07-14 04:18:29,583 basehttp "GET /static/admin/img/icon-changelink.svg HTTP/1.1" 200 380
INFO 2025-07-14 04:18:31,325 basehttp "GET / HTTP/1.1" 200 85495
INFO 2025-07-14 04:18:34,212 basehttp "GET /center/trainings/ HTTP/1.1" 200 85265
INFO 2025-07-14 04:18:34,314 basehttp "GET /static/center_panel/js/dataTables.french.json HTTP/1.1" 304 0
INFO 2025-07-14 04:19:10,735 basehttp "GET /center/admin/ HTTP/1.1" 302 0
INFO 2025-07-14 04:19:10,764 basehttp "GET /admin/ HTTP/1.1" 200 14172
INFO 2025-07-14 04:19:14,848 basehttp "GET /admin/core/documentationcenter/add/ HTTP/1.1" 200 33093
INFO 2025-07-14 04:19:14,888 basehttp "GET /static/admin/img/icon-viewlink.svg HTTP/1.1" 200 581
INFO 2025-07-14 04:19:14,892 basehttp "GET /static/admin/img/icon-deletelink.svg HTTP/1.1" 200 392
INFO 2025-07-14 04:19:14,893 basehttp "GET /static/admin/js/collapse.js HTTP/1.1" 304 0
INFO 2025-07-14 04:19:14,895 basehttp - Broken pipe from ('127.0.0.1', 51098)
INFO 2025-07-14 04:19:14,896 basehttp - Broken pipe from ('127.0.0.1', 51099)
INFO 2025-07-14 04:19:14,902 basehttp "GET /admin/jsi18n/ HTTP/1.1" 200 8621
INFO 2025-07-14 04:19:15,049 basehttp "GET /static/admin/img/icon-calendar.svg HTTP/1.1" 200 1086
INFO 2025-07-14 04:20:14,066 basehttp "POST /admin/core/documentationcenter/add/ HTTP/1.1" 200 33479
INFO 2025-07-14 04:20:14,099 basehttp "GET /admin/jsi18n/ HTTP/1.1" 200 8621
INFO 2025-07-14 04:58:16,352 basehttp "GET / HTTP/1.1" 200 85495
INFO 2025-07-14 04:58:19,706 basehttp "GET /logout/ HTTP/1.1" 302 0
INFO 2025-07-14 04:58:19,749 basehttp "GET / HTTP/1.1" 200 81150
INFO 2025-07-14 04:58:19,749 basehttp "GET / HTTP/1.1" 200 81150
INFO 2025-07-14 04:58:21,768 basehttp "GET /login/ HTTP/1.1" 200 1970
INFO 2025-07-14 04:58:25,508 basehttp "POST /login/ HTTP/1.1" 302 0
INFO 2025-07-14 04:58:25,518 basehttp "GET /center/dashboard/ HTTP/1.1" 302 0
INFO 2025-07-14 04:58:25,549 basehttp "GET /admin/ HTTP/1.1" 200 14201
INFO 2025-07-14 04:58:36,430 basehttp "GET /admin/core/department/add/?_to_field=id&_popup=1 HTTP/1.1" 200 4480
INFO 2025-07-14 04:58:36,464 basehttp "GET /admin/jsi18n/ HTTP/1.1" 200 8621
INFO 2025-07-14 04:58:42,738 basehttp "POST /admin/core/department/add/?_to_field=id&_popup=1 HTTP/1.1" 200 340
INFO 2025-07-14 04:58:42,755 basehttp "GET /static/admin/js/popup_response.js HTTP/1.1" 200 551
INFO 2025-07-14 04:58:47,437 basehttp "GET /admin/core/arrondissement/add/?_to_field=id&_popup=1 HTTP/1.1" 200 6206
INFO 2025-07-14 04:58:47,477 basehttp "GET /admin/jsi18n/ HTTP/1.1" 200 8621
INFO 2025-07-14 04:59:22,835 basehttp "GET /admin/core/department/1/change/?_to_field=id&_popup=1 HTTP/1.1" 200 4466
INFO 2025-07-14 04:59:22,863 basehttp "GET /admin/jsi18n/ HTTP/1.1" 200 8621
INFO 2025-07-14 04:59:22,879 basehttp - Broken pipe from ('127.0.0.1', 53924)
WARNING 2025-07-14 04:59:22,920 log Not Found: /favicon.ico
INFO 2025-07-14 04:59:22,921 basehttp - Broken pipe from ('127.0.0.1', 53808)
INFO 2025-07-14 04:59:25,589 basehttp "POST /admin/core/department/1/change/?_to_field=id&_popup=1 HTTP/1.1" 200 421
INFO 2025-07-14 04:59:47,799 basehttp "GET /admin/core/arrondissement/add/?_to_field=id&_popup=1 HTTP/1.1" 200 6209
INFO 2025-07-14 04:59:47,851 basehttp "GET /admin/jsi18n/ HTTP/1.1" 200 8621
INFO 2025-07-14 04:59:55,223 basehttp "POST /admin/core/arrondissement/add/?_to_field=id&_popup=1 HTTP/1.1" 200 362
INFO 2025-07-14 04:59:57,993 basehttp "GET /admin/core/commune/add/?_to_field=id&_popup=1 HTTP/1.1" 200 6241
INFO 2025-07-14 04:59:58,029 basehttp "GET /admin/jsi18n/ HTTP/1.1" 200 8621
INFO 2025-07-14 05:00:04,158 basehttp "POST /admin/core/commune/add/?_to_field=id&_popup=1 HTTP/1.1" 200 368
WARNING 2025-07-14 05:00:08,321 log Forbidden (CSRF token from POST incorrect.): /admin/core/documentationcenter/add/
WARNING 2025-07-14 05:00:08,322 basehttp "POST /admin/core/documentationcenter/add/ HTTP/1.1" 403 2541
WARNING 2025-07-14 05:00:18,614 log Forbidden (CSRF token from POST incorrect.): /admin/core/documentationcenter/add/
WARNING 2025-07-14 05:00:18,615 basehttp "POST /admin/core/documentationcenter/add/ HTTP/1.1" 403 2541
WARNING 2025-07-14 05:00:19,949 log Forbidden (CSRF token from POST incorrect.): /admin/core/documentationcenter/add/
WARNING 2025-07-14 05:00:19,949 basehttp "POST /admin/core/documentationcenter/add/ HTTP/1.1" 403 2541
WARNING 2025-07-14 05:00:22,166 log Forbidden (CSRF token from POST incorrect.): /admin/core/documentationcenter/add/
WARNING 2025-07-14 05:00:22,166 basehttp "POST /admin/core/documentationcenter/add/ HTTP/1.1" 403 2541
WARNING 2025-07-14 05:00:23,781 log Forbidden (CSRF token from POST incorrect.): /admin/core/documentationcenter/add/
WARNING 2025-07-14 05:00:23,781 basehttp "POST /admin/core/documentationcenter/add/ HTTP/1.1" 403 2541
INFO 2025-07-14 05:00:26,004 basehttp "GET /admin/core/documentationcenter/add/ HTTP/1.1" 200 33240
INFO 2025-07-14 05:00:26,031 basehttp "GET /admin/jsi18n/ HTTP/1.1" 200 8621
INFO 2025-07-14 05:00:59,150 basehttp "POST /admin/core/documentationcenter/add/ HTTP/1.1" 200 34188
INFO 2025-07-14 05:00:59,180 basehttp "GET /admin/jsi18n/ HTTP/1.1" 200 8621
INFO 2025-07-14 05:01:08,822 basehttp "POST /admin/core/documentationcenter/add/ HTTP/1.1" 302 0
INFO 2025-07-14 05:01:08,864 basehttp "GET /admin/core/documentationcenter/ HTTP/1.1" 200 18525
INFO 2025-07-14 05:01:08,893 basehttp "GET /admin/jsi18n/ HTTP/1.1" 200 8621
INFO 2025-07-14 05:01:08,897 basehttp "GET /static/admin/img/icon-yes.svg HTTP/1.1" 200 436
INFO 2025-07-14 05:01:08,898 basehttp "GET /static/admin/img/search.svg HTTP/1.1" 200 458
INFO 2025-07-14 05:01:08,920 basehttp "GET /static/admin/img/tooltag-add.svg HTTP/1.1" 200 331
INFO 2025-07-14 05:01:08,920 basehttp "GET /static/admin/img/sorting-icons.svg HTTP/1.1" 200 1097
WARNING 2025-07-14 05:01:17,041 log Not Found: /admin/center/dashbaord/
WARNING 2025-07-14 05:01:17,041 basehttp "GET /admin/center/dashbaord/ HTTP/1.1" 404 7919
WARNING 2025-07-14 05:01:23,720 log Not Found: /admin/center/dashboard/
WARNING 2025-07-14 05:01:23,721 basehttp "GET /admin/center/dashboard/ HTTP/1.1" 404 7919
INFO 2025-07-14 05:01:26,754 basehttp "GET /center/dashboard/ HTTP/1.1" 200 125535
INFO 2025-07-14 05:34:18,049 basehttp "GET /center/dashboard/ HTTP/1.1" 200 126803
INFO 2025-07-14 05:34:43,115 basehttp "GET /center/books/ HTTP/1.1" 200 84983
INFO 2025-07-14 05:34:46,105 basehttp "GET /center/books/add/ HTTP/1.1" 200 93133
INFO 2025-07-14 05:35:07,416 basehttp "GET /center/authors/ HTTP/1.1" 200 89882
INFO 2025-07-14 05:35:09,737 basehttp "GET /center/authors/add/ HTTP/1.1" 200 88126
INFO 2025-07-14 05:35:44,714 basehttp "POST /center/authors/add/ HTTP/1.1" 302 0
INFO 2025-07-14 05:35:44,740 basehttp "GET /center/authors/ HTTP/1.1" 200 92260
INFO 2025-07-14 05:35:49,556 basehttp "GET /center/categories/ HTTP/1.1" 200 90823
INFO 2025-07-14 05:35:50,936 basehttp "GET /center/categories/add/ HTTP/1.1" 200 86622
INFO 2025-07-14 05:35:57,425 basehttp "POST /center/categories/add/ HTTP/1.1" 302 0
INFO 2025-07-14 05:35:57,444 basehttp "GET /center/categories/ HTTP/1.1" 200 93243
INFO 2025-07-14 05:36:05,671 basehttp "GET /center/books/ HTTP/1.1" 200 85176
INFO 2025-07-14 05:36:06,747 basehttp "GET /center/books/add/ HTTP/1.1" 200 93865
INFO 2025-07-14 05:36:25,617 basehttp "POST /center/books/add/ HTTP/1.1" 200 94098
INFO 2025-07-14 05:36:29,588 basehttp "POST /center/books/add/ HTTP/1.1" 302 0
INFO 2025-07-14 05:36:29,611 basehttp "GET /center/books/ HTTP/1.1" 200 91219
INFO 2025-07-14 05:40:27,145 basehttp "GET /center/books/ HTTP/1.1" 200 90801
INFO 2025-07-14 05:40:28,867 basehttp "GET /center/books/1/ HTTP/1.1" 200 91581
INFO 2025-07-14 05:40:30,663 basehttp "GET /center/books/ HTTP/1.1" 200 90801
INFO 2025-07-14 05:41:56,709 basehttp "GET /center/books/ HTTP/1.1" 200 89272
INFO 2025-07-14 05:42:29,705 basehttp "GET /center/books/ HTTP/1.1" 200 89484
INFO 2025-07-14 05:42:45,346 basehttp "GET /center/books/ HTTP/1.1" 200 89422
INFO 2025-07-14 05:43:03,333 basehttp "GET /center/books/ HTTP/1.1" 200 89422
INFO 2025-07-14 05:43:04,380 basehttp "GET /center/books/ HTTP/1.1" 200 89422
INFO 2025-07-14 05:43:24,792 basehttp "GET /center/books/ HTTP/1.1" 200 89431
INFO 2025-07-14 05:43:48,076 basehttp "GET /center/books/ HTTP/1.1" 200 89469
INFO 2025-07-14 05:44:05,412 basehttp "GET /center/books/ HTTP/1.1" 200 89432
INFO 2025-07-14 06:00:28,637 autoreload /Users/morti/Documents/Projects/SyDocDjango/sydoc_project/sydoc_project/settings.py changed, reloading.
INFO 2025-07-14 06:00:29,422 autoreload Watching for file changes with StatReloader
INFO 2025-07-14 06:00:33,841 autoreload /Users/morti/Documents/Projects/SyDocDjango/sydoc_project/sydoc_project/settings.py changed, reloading.
INFO 2025-07-14 06:00:34,307 autoreload Watching for file changes with StatReloader
INFO 2025-07-14 06:04:30,319 autoreload /Users/morti/Documents/Projects/SyDocDjango/sydoc_project/sydoc_project/settings.py changed, reloading.
INFO 2025-07-14 06:04:31,001 autoreload Watching for file changes with StatReloader
INFO 2025-07-14 06:04:32,348 autoreload /Users/morti/Documents/Projects/SyDocDjango/sydoc_project/sydoc_project/settings.py changed, reloading.
INFO 2025-07-14 06:04:32,766 autoreload Watching for file changes with StatReloader
INFO 2025-07-14 06:04:34,084 autoreload /Users/morti/Documents/Projects/SyDocDjango/sydoc_project/sydoc_project/settings.py changed, reloading.
INFO 2025-07-14 06:04:34,595 autoreload Watching for file changes with StatReloader
INFO 2025-07-14 06:04:36,051 autoreload /Users/morti/Documents/Projects/SyDocDjango/sydoc_project/sydoc_project/settings.py changed, reloading.
INFO 2025-07-14 06:04:36,484 autoreload Watching for file changes with StatReloader
INFO 2025-07-14 06:04:51,993 autoreload /Users/morti/Documents/Projects/SyDocDjango/sydoc_project/sydoc_project/settings.py changed, reloading.
INFO 2025-07-14 06:04:52,415 autoreload Watching for file changes with StatReloader
INFO 2025-07-14 06:04:53,706 autoreload /Users/morti/Documents/Projects/SyDocDjango/sydoc_project/sydoc_project/settings.py changed, reloading.
INFO 2025-07-14 06:04:54,139 autoreload Watching for file changes with StatReloader
INFO 2025-07-14 06:07:20,370 autoreload /Users/morti/Documents/Projects/SyDocDjango/sydoc_project/sydoc_project/settings.py changed, reloading.
INFO 2025-07-14 06:07:21,277 autoreload Watching for file changes with StatReloader
INFO 2025-07-14 06:10:31,806 autoreload /Users/morti/Documents/Projects/SyDocDjango/sydoc_project/sydoc_project/settings.py changed, reloading.
INFO 2025-07-25 01:33:24,941 autoreload Watching for file changes with StatReloader
INFO 2025-07-25 01:33:41,995 basehttp "GET / HTTP/1.1" 200 79577
WARNING 2025-07-25 01:33:48,421 log Not Found: /favicon.ico
WARNING 2025-07-25 01:33:48,422 basehttp "GET /favicon.ico HTTP/1.1" 404 3430
INFO 2025-07-25 01:33:56,044 basehttp "GET /login/ HTTP/1.1" 200 6014
INFO 2025-07-25 01:34:06,473 basehttp "POST /login/ HTTP/1.1" 302 0
INFO 2025-07-25 01:34:06,537 basehttp "GET /center/dashboard/ HTTP/1.1" 200 126186
INFO 2025-07-25 01:34:07,657 basehttp "GET / HTTP/1.1" 200 85097
INFO 2025-07-25 01:34:10,389 basehttp "GET /logout/ HTTP/1.1" 302 0
INFO 2025-07-25 01:34:10,411 basehttp "GET / HTTP/1.1" 200 79577
INFO 2025-07-25 01:35:14,283 basehttp "GET /login/ HTTP/1.1" 200 6014
INFO 2025-07-25 01:36:49,497 basehttp "GET /login/ HTTP/1.1" 200 6516
INFO 2025-07-25 01:38:43,912 basehttp "GET /login/ HTTP/1.1" 200 6842
INFO 2025-07-25 01:40:54,370 basehttp "GET /login/ HTTP/1.1" 200 7329
INFO 2025-07-25 01:43:08,374 basehttp "GET /login/ HTTP/1.1" 200 7343
INFO 2025-07-25 01:45:51,970 basehttp "GET /login/ HTTP/1.1" 200 7299
INFO 2025-07-25 01:51:58,316 basehttp "GET /login/ HTTP/1.1" 200 13198
INFO 2025-07-25 01:54:17,765 basehttp "GET /login/ HTTP/1.1" 200 10884
INFO 2025-07-25 01:55:17,933 basehttp "GET /login/ HTTP/1.1" 200 10509
INFO 2025-07-25 01:56:18,497 basehttp "GET /login/ HTTP/1.1" 200 10509
INFO 2025-07-25 01:56:21,603 basehttp "GET /login/ HTTP/1.1" 200 10509
INFO 2025-07-25 01:58:32,454 basehttp "GET /login/ HTTP/1.1" 200 10509
INFO 2025-07-25 02:02:28,324 basehttp "GET /login/ HTTP/1.1" 200 10849
INFO 2025-07-25 02:03:02,548 basehttp "GET /login/ HTTP/1.1" 200 10927
INFO 2025-07-25 02:04:29,183 basehttp "GET /login/ HTTP/1.1" 200 10927
INFO 2025-07-25 02:05:48,194 basehttp "GET /login/ HTTP/1.1" 200 11186
INFO 2025-07-25 02:05:48,945 basehttp "GET /login/ HTTP/1.1" 200 11186
INFO 2025-07-25 02:08:00,876 basehttp "GET /login/ HTTP/1.1" 200 11002
INFO 2025-07-25 02:08:31,266 basehttp "GET /login/ HTTP/1.1" 200 11004
INFO 2025-07-25 02:08:32,019 basehttp "GET /login/ HTTP/1.1" 200 11004
INFO 2025-07-25 02:08:46,542 basehttp "GET /login/ HTTP/1.1" 200 11018
INFO 2025-07-25 02:08:47,405 basehttp "GET /login/ HTTP/1.1" 200 11018
INFO 2025-07-25 02:09:19,142 basehttp "GET /login/ HTTP/1.1" 200 11024
INFO 2025-07-25 02:09:20,197 basehttp "GET /login/ HTTP/1.1" 200 11024
INFO 2025-07-25 02:09:45,032 basehttp "GET /login/ HTTP/1.1" 200 11024
INFO 2025-07-25 02:10:06,853 basehttp "GET /login/ HTTP/1.1" 200 11024
INFO 2025-07-25 02:10:07,839 basehttp "GET /login/ HTTP/1.1" 200 11024
INFO 2025-07-25 02:10:10,338 basehttp "GET /login/ HTTP/1.1" 200 11024
INFO 2025-07-25 02:12:43,151 basehttp "GET /login/ HTTP/1.1" 200 11024
INFO 2025-07-25 03:39:56,470 autoreload Watching for file changes with StatReloader
INFO 2025-07-25 03:39:56,818 basehttp "GET /login/ HTTP/1.1" 200 18489
INFO 2025-07-25 03:39:57,015 basehttp "GET /login/ HTTP/1.1" 200 18489
INFO 2025-07-25 03:42:43,133 basehttp "GET /login/ HTTP/1.1" 200 11024
INFO 2025-07-25 03:43:28,350 autoreload /Users/morti/Documents/Projects/SyDocDjango/sydoc_project/core/views.py changed, reloading.
INFO 2025-07-25 03:43:29,081 autoreload Watching for file changes with StatReloader
ERROR 2025-07-25 03:43:59,228 log Internal Server Error: /login/
Traceback (most recent call last):
  File "/Users/morti/.pyenv/versions/3.9.5/lib/python3.9/site-packages/django/core/handlers/exception.py", line 55, in inner
    response = get_response(request)
  File "/Users/morti/.pyenv/versions/3.9.5/lib/python3.9/site-packages/django/core/handlers/base.py", line 220, in _get_response
    response = response.render()
  File "/Users/morti/.pyenv/versions/3.9.5/lib/python3.9/site-packages/django/template/response.py", line 114, in render
    self.content = self.rendered_content
  File "/Users/morti/.pyenv/versions/3.9.5/lib/python3.9/site-packages/django/template/response.py", line 92, in rendered_content
    return template.render(context, self._request)
  File "/Users/morti/.pyenv/versions/3.9.5/lib/python3.9/site-packages/django/template/backends/django.py", line 61, in render
    return self.template.render(context)
  File "/Users/morti/.pyenv/versions/3.9.5/lib/python3.9/site-packages/django/template/base.py", line 175, in render
    return self._render(context)
  File "/Users/morti/.pyenv/versions/3.9.5/lib/python3.9/site-packages/django/template/base.py", line 167, in _render
    return self.nodelist.render(context)
  File "/Users/morti/.pyenv/versions/3.9.5/lib/python3.9/site-packages/django/template/base.py", line 1005, in render
    return SafeString("".join([node.render_annotated(context) for node in self]))
  File "/Users/morti/.pyenv/versions/3.9.5/lib/python3.9/site-packages/django/template/base.py", line 1005, in <listcomp>
    return SafeString("".join([node.render_annotated(context) for node in self]))
  File "/Users/morti/.pyenv/versions/3.9.5/lib/python3.9/site-packages/django/template/base.py", line 966, in render_annotated
    return self.render(context)
  File "/Users/morti/.pyenv/versions/3.9.5/lib/python3.9/site-packages/django/template/defaulttags.py", line 471, in render
    url = reverse(view_name, args=args, kwargs=kwargs, current_app=current_app)
  File "/Users/morti/.pyenv/versions/3.9.5/lib/python3.9/site-packages/django/urls/base.py", line 88, in reverse
    return resolver._reverse_with_prefix(view, prefix, *args, **kwargs)
  File "/Users/morti/.pyenv/versions/3.9.5/lib/python3.9/site-packages/django/urls/resolvers.py", line 828, in _reverse_with_prefix
    raise NoReverseMatch(msg)
django.urls.exceptions.NoReverseMatch: Reverse for 'otp_login' not found. 'otp_login' is not a valid view function or pattern name.
ERROR 2025-07-25 03:43:59,231 basehttp "GET /login/ HTTP/1.1" 500 118525
ERROR 2025-07-25 03:44:04,270 log Internal Server Error: /login/
Traceback (most recent call last):
  File "/Users/morti/.pyenv/versions/3.9.5/lib/python3.9/site-packages/django/core/handlers/exception.py", line 55, in inner
    response = get_response(request)
  File "/Users/morti/.pyenv/versions/3.9.5/lib/python3.9/site-packages/django/core/handlers/base.py", line 220, in _get_response
    response = response.render()
  File "/Users/morti/.pyenv/versions/3.9.5/lib/python3.9/site-packages/django/template/response.py", line 114, in render
    self.content = self.rendered_content
  File "/Users/morti/.pyenv/versions/3.9.5/lib/python3.9/site-packages/django/template/response.py", line 92, in rendered_content
    return template.render(context, self._request)
  File "/Users/morti/.pyenv/versions/3.9.5/lib/python3.9/site-packages/django/template/backends/django.py", line 61, in render
    return self.template.render(context)
  File "/Users/morti/.pyenv/versions/3.9.5/lib/python3.9/site-packages/django/template/base.py", line 175, in render
    return self._render(context)
  File "/Users/morti/.pyenv/versions/3.9.5/lib/python3.9/site-packages/django/template/base.py", line 167, in _render
    return self.nodelist.render(context)
  File "/Users/morti/.pyenv/versions/3.9.5/lib/python3.9/site-packages/django/template/base.py", line 1005, in render
    return SafeString("".join([node.render_annotated(context) for node in self]))
  File "/Users/morti/.pyenv/versions/3.9.5/lib/python3.9/site-packages/django/template/base.py", line 1005, in <listcomp>
    return SafeString("".join([node.render_annotated(context) for node in self]))
  File "/Users/morti/.pyenv/versions/3.9.5/lib/python3.9/site-packages/django/template/base.py", line 966, in render_annotated
    return self.render(context)
  File "/Users/morti/.pyenv/versions/3.9.5/lib/python3.9/site-packages/django/template/defaulttags.py", line 471, in render
    url = reverse(view_name, args=args, kwargs=kwargs, current_app=current_app)
  File "/Users/morti/.pyenv/versions/3.9.5/lib/python3.9/site-packages/django/urls/base.py", line 88, in reverse
    return resolver._reverse_with_prefix(view, prefix, *args, **kwargs)
  File "/Users/morti/.pyenv/versions/3.9.5/lib/python3.9/site-packages/django/urls/resolvers.py", line 828, in _reverse_with_prefix
    raise NoReverseMatch(msg)
django.urls.exceptions.NoReverseMatch: Reverse for 'otp_login' not found. 'otp_login' is not a valid view function or pattern name.
ERROR 2025-07-25 03:44:04,271 basehttp "GET /login/ HTTP/1.1" 500 118525
INFO 2025-07-25 03:44:22,400 autoreload /Users/morti/Documents/Projects/SyDocDjango/sydoc_project/core/urls.py changed, reloading.
INFO 2025-07-25 03:44:23,040 autoreload Watching for file changes with StatReloader
INFO 2025-07-25 03:44:41,545 autoreload /Users/morti/Documents/Projects/SyDocDjango/sydoc_project/core/views.py changed, reloading.
INFO 2025-07-25 03:44:42,228 autoreload Watching for file changes with StatReloader
INFO 2025-07-25 03:45:00,808 autoreload /Users/morti/Documents/Projects/SyDocDjango/sydoc_project/sydoc_project/settings.py changed, reloading.
INFO 2025-07-25 03:45:01,409 autoreload Watching for file changes with StatReloader
INFO 2025-07-25 03:51:59,675 autoreload /Users/morti/Documents/Projects/SyDocDjango/sydoc_project/core/models.py changed, reloading.
INFO 2025-07-25 03:52:00,317 autoreload Watching for file changes with StatReloader
INFO 2025-07-25 03:52:54,507 autoreload /Users/morti/Documents/Projects/SyDocDjango/sydoc_project/core/views.py changed, reloading.
INFO 2025-07-25 03:52:54,922 autoreload Watching for file changes with StatReloader
INFO 2025-07-25 03:56:04,153 basehttp "GET /login/ HTTP/1.1" 200 12452
ERROR 2025-07-25 03:56:05,433 log Internal Server Error: /login/otp/
Traceback (most recent call last):
  File "/Users/morti/.pyenv/versions/3.9.5/lib/python3.9/site-packages/django/template/backends/django.py", line 61, in render
    return self.template.render(context)
  File "/Users/morti/.pyenv/versions/3.9.5/lib/python3.9/site-packages/django/template/base.py", line 175, in render
    return self._render(context)
  File "/Users/morti/.pyenv/versions/3.9.5/lib/python3.9/site-packages/django/template/base.py", line 167, in _render
    return self.nodelist.render(context)
  File "/Users/morti/.pyenv/versions/3.9.5/lib/python3.9/site-packages/django/template/base.py", line 1005, in render
    return SafeString("".join([node.render_annotated(context) for node in self]))
  File "/Users/morti/.pyenv/versions/3.9.5/lib/python3.9/site-packages/django/template/base.py", line 1005, in <listcomp>
    return SafeString("".join([node.render_annotated(context) for node in self]))
  File "/Users/morti/.pyenv/versions/3.9.5/lib/python3.9/site-packages/django/template/base.py", line 966, in render_annotated
    return self.render(context)
  File "/Users/morti/.pyenv/versions/3.9.5/lib/python3.9/site-packages/django/template/loader_tags.py", line 132, in render
    compiled_parent = self.get_parent(context)
  File "/Users/morti/.pyenv/versions/3.9.5/lib/python3.9/site-packages/django/template/loader_tags.py", line 129, in get_parent
    return self.find_template(parent, context)
  File "/Users/morti/.pyenv/versions/3.9.5/lib/python3.9/site-packages/django/template/loader_tags.py", line 107, in find_template
    template, origin = context.template.engine.find_template(
  File "/Users/morti/.pyenv/versions/3.9.5/lib/python3.9/site-packages/django/template/engine.py", line 161, in find_template
    raise TemplateDoesNotExist(name, tried=tried)
django.template.exceptions.TemplateDoesNotExist: base.html

The above exception was the direct cause of the following exception:

Traceback (most recent call last):
  File "/Users/morti/.pyenv/versions/3.9.5/lib/python3.9/site-packages/django/core/handlers/exception.py", line 55, in inner
    response = get_response(request)
  File "/Users/morti/.pyenv/versions/3.9.5/lib/python3.9/site-packages/django/core/handlers/base.py", line 197, in _get_response
    response = wrapped_callback(request, *callback_args, **callback_kwargs)
  File "/Users/morti/.pyenv/versions/3.9.5/lib/python3.9/site-packages/django/views/generic/base.py", line 104, in view
    return self.dispatch(request, *args, **kwargs)
  File "/Users/morti/.pyenv/versions/3.9.5/lib/python3.9/site-packages/django/views/generic/base.py", line 143, in dispatch
    return handler(request, *args, **kwargs)
  File "/Users/morti/Documents/Projects/SyDocDjango/sydoc_project/core/views.py", line 45, in get
    return render(request, 'core/otp_login.html')
  File "/Users/morti/.pyenv/versions/3.9.5/lib/python3.9/site-packages/django/shortcuts.py", line 24, in render
    content = loader.render_to_string(template_name, context, request, using=using)
  File "/Users/morti/.pyenv/versions/3.9.5/lib/python3.9/site-packages/django/template/loader.py", line 62, in render_to_string
    return template.render(context, request)
  File "/Users/morti/.pyenv/versions/3.9.5/lib/python3.9/site-packages/django/template/backends/django.py", line 63, in render
    reraise(exc, self.backend)
  File "/Users/morti/.pyenv/versions/3.9.5/lib/python3.9/site-packages/django/template/backends/django.py", line 84, in reraise
    raise new from exc
django.template.exceptions.TemplateDoesNotExist: base.html
ERROR 2025-07-25 03:56:05,435 basehttp "GET /login/otp/ HTTP/1.1" 500 139291
ERROR 2025-07-25 04:00:13,341 log Internal Server Error: /login/otp/
Traceback (most recent call last):
  File "/Users/morti/.pyenv/versions/3.9.5/lib/python3.9/site-packages/django/template/backends/django.py", line 61, in render
    return self.template.render(context)
  File "/Users/morti/.pyenv/versions/3.9.5/lib/python3.9/site-packages/django/template/base.py", line 175, in render
    return self._render(context)
  File "/Users/morti/.pyenv/versions/3.9.5/lib/python3.9/site-packages/django/template/base.py", line 167, in _render
    return self.nodelist.render(context)
  File "/Users/morti/.pyenv/versions/3.9.5/lib/python3.9/site-packages/django/template/base.py", line 1005, in render
    return SafeString("".join([node.render_annotated(context) for node in self]))
  File "/Users/morti/.pyenv/versions/3.9.5/lib/python3.9/site-packages/django/template/base.py", line 1005, in <listcomp>
    return SafeString("".join([node.render_annotated(context) for node in self]))
  File "/Users/morti/.pyenv/versions/3.9.5/lib/python3.9/site-packages/django/template/base.py", line 966, in render_annotated
    return self.render(context)
  File "/Users/morti/.pyenv/versions/3.9.5/lib/python3.9/site-packages/django/template/loader_tags.py", line 132, in render
    compiled_parent = self.get_parent(context)
  File "/Users/morti/.pyenv/versions/3.9.5/lib/python3.9/site-packages/django/template/loader_tags.py", line 129, in get_parent
    return self.find_template(parent, context)
  File "/Users/morti/.pyenv/versions/3.9.5/lib/python3.9/site-packages/django/template/loader_tags.py", line 107, in find_template
    template, origin = context.template.engine.find_template(
  File "/Users/morti/.pyenv/versions/3.9.5/lib/python3.9/site-packages/django/template/engine.py", line 161, in find_template
    raise TemplateDoesNotExist(name, tried=tried)
django.template.exceptions.TemplateDoesNotExist: base.html

The above exception was the direct cause of the following exception:

Traceback (most recent call last):
  File "/Users/morti/.pyenv/versions/3.9.5/lib/python3.9/site-packages/django/core/handlers/exception.py", line 55, in inner
    response = get_response(request)
  File "/Users/morti/.pyenv/versions/3.9.5/lib/python3.9/site-packages/django/core/handlers/base.py", line 197, in _get_response
    response = wrapped_callback(request, *callback_args, **callback_kwargs)
  File "/Users/morti/.pyenv/versions/3.9.5/lib/python3.9/site-packages/django/views/generic/base.py", line 104, in view
    return self.dispatch(request, *args, **kwargs)
  File "/Users/morti/.pyenv/versions/3.9.5/lib/python3.9/site-packages/django/views/generic/base.py", line 143, in dispatch
    return handler(request, *args, **kwargs)
  File "/Users/morti/Documents/Projects/SyDocDjango/sydoc_project/core/views.py", line 45, in get
    return render(request, 'core/otp_login.html')
  File "/Users/morti/.pyenv/versions/3.9.5/lib/python3.9/site-packages/django/shortcuts.py", line 24, in render
    content = loader.render_to_string(template_name, context, request, using=using)
  File "/Users/morti/.pyenv/versions/3.9.5/lib/python3.9/site-packages/django/template/loader.py", line 62, in render_to_string
    return template.render(context, request)
  File "/Users/morti/.pyenv/versions/3.9.5/lib/python3.9/site-packages/django/template/backends/django.py", line 63, in render
    reraise(exc, self.backend)
  File "/Users/morti/.pyenv/versions/3.9.5/lib/python3.9/site-packages/django/template/backends/django.py", line 84, in reraise
    raise new from exc
django.template.exceptions.TemplateDoesNotExist: base.html
ERROR 2025-07-25 04:00:13,342 basehttp "GET /login/otp/ HTTP/1.1" 500 139291
INFO 2025-07-25 04:03:34,296 autoreload Watching for file changes with StatReloader
INFO 2025-07-25 04:03:37,533 basehttp "GET /login/otp/ HTTP/1.1" 200 10215
INFO 2025-07-25 04:04:19,904 autoreload Watching for file changes with StatReloader
INFO 2025-07-25 04:04:21,206 basehttp "GET /login/otp/ HTTP/1.1" 200 10215
INFO 2025-07-25 04:04:32,676 basehttp "GET /login/ HTTP/1.1" 200 12452
INFO 2025-07-25 04:04:38,471 basehttp "GET /login/otp/ HTTP/1.1" 200 10215
INFO 2025-07-25 04:06:18,256 autoreload /Users/morti/Documents/Projects/SyDocDjango/sydoc_project/core/views.py changed, reloading.
INFO 2025-07-25 04:06:18,855 autoreload Watching for file changes with StatReloader
INFO 2025-07-25 04:06:26,296 autoreload /Users/morti/Documents/Projects/SyDocDjango/sydoc_project/core/urls.py changed, reloading.
INFO 2025-07-25 04:06:26,879 autoreload Watching for file changes with StatReloader
INFO 2025-07-25 04:06:52,638 autoreload /Users/morti/Documents/Projects/SyDocDjango/sydoc_project/core/views.py changed, reloading.
INFO 2025-07-25 04:06:53,331 autoreload Watching for file changes with StatReloader
INFO 2025-07-25 04:08:47,525 autoreload /Users/morti/Documents/Projects/SyDocDjango/sydoc_project/core/models.py changed, reloading.
INFO 2025-07-25 04:08:48,321 autoreload Watching for file changes with StatReloader
INFO 2025-07-25 04:09:26,357 autoreload /Users/morti/Documents/Projects/SyDocDjango/sydoc_project/core/views.py changed, reloading.
INFO 2025-07-25 04:09:26,881 autoreload Watching for file changes with StatReloader
INFO 2025-07-25 04:10:09,873 autoreload /Users/morti/Documents/Projects/SyDocDjango/sydoc_project/core/views.py changed, reloading.
INFO 2025-07-25 04:10:10,483 autoreload Watching for file changes with StatReloader
INFO 2025-07-25 04:10:45,308 autoreload /Users/morti/Documents/Projects/SyDocDjango/sydoc_project/core/views.py changed, reloading.
INFO 2025-07-25 04:10:45,968 autoreload Watching for file changes with StatReloader
INFO 2025-07-25 04:11:51,300 autoreload /Users/morti/Documents/Projects/SyDocDjango/sydoc_project/core/views.py changed, reloading.
INFO 2025-07-25 04:11:51,900 autoreload Watching for file changes with StatReloader
INFO 2025-07-25 04:12:08,459 autoreload /Users/morti/Documents/Projects/SyDocDjango/sydoc_project/core/views.py changed, reloading.
INFO 2025-07-25 04:12:08,932 autoreload Watching for file changes with StatReloader
INFO 2025-07-25 04:12:23,500 autoreload /Users/morti/Documents/Projects/SyDocDjango/sydoc_project/core/views.py changed, reloading.
INFO 2025-07-25 04:12:23,915 autoreload Watching for file changes with StatReloader
INFO 2025-07-25 04:14:26,234 basehttp "GET /login/otp/ HTTP/1.1" 200 11774
INFO 2025-07-25 04:14:37,385 basehttp "GET /login/otp/ HTTP/1.1" 200 11774
INFO 2025-07-25 04:14:38,433 basehttp "GET /login/ HTTP/1.1" 200 12452
INFO 2025-07-25 04:14:39,777 basehttp "GET /login/otp/ HTTP/1.1" 200 11774
INFO 2025-07-25 04:17:46,874 basehttp "GET /login/otp/ HTTP/1.1" 200 15810
WARNING 2025-07-25 04:17:48,402 log Bad Request: /login/otp/send/
WARNING 2025-07-25 04:17:48,403 basehttp "POST /login/otp/send/ HTTP/1.1" 400 139
WARNING 2025-07-25 04:20:40,136 log Not Found: /admin
WARNING 2025-07-25 04:20:40,137 basehttp "GET /admin HTTP/1.1" 404 4126
WARNING 2025-07-25 04:20:42,481 log Not Found: /admin
WARNING 2025-07-25 04:20:42,482 basehttp "GET /admin HTTP/1.1" 404 4126
INFO 2025-07-25 04:20:47,488 basehttp "GET /admin/ HTTP/1.1" 302 0
INFO 2025-07-25 04:20:47,523 basehttp "GET /admin/login/?next=/admin/ HTTP/1.1" 200 4259
INFO 2025-07-25 04:20:47,586 basehttp "GET /static/admin/css/login.css HTTP/1.1" 200 958
INFO 2025-07-25 04:20:47,589 basehttp "GET /static/admin/css/dark_mode.css HTTP/1.1" 200 2929
INFO 2025-07-25 04:20:47,590 basehttp "GET /static/admin/css/base.css HTTP/1.1" 200 21207
INFO 2025-07-25 04:20:47,592 basehttp "GET /static/admin/css/nav_sidebar.css HTTP/1.1" 200 2694
INFO 2025-07-25 04:20:47,592 basehttp "GET /static/admin/js/theme.js HTTP/1.1" 200 1943
INFO 2025-07-25 04:20:47,593 basehttp "GET /static/admin/js/nav_sidebar.js HTTP/1.1" 200 3063
INFO 2025-07-25 04:20:47,594 basehttp "GET /static/admin/css/responsive.css HTTP/1.1" 200 18533
INFO 2025-07-25 04:20:51,982 basehttp "POST /admin/login/?next=/admin/ HTTP/1.1" 302 0
INFO 2025-07-25 04:20:52,022 basehttp "GET /admin/ HTTP/1.1" 200 15545
INFO 2025-07-25 04:20:52,058 basehttp "GET /static/admin/css/dashboard.css HTTP/1.1" 200 441
INFO 2025-07-25 04:20:52,072 basehttp "GET /static/admin/img/icon-changelink.svg HTTP/1.1" 200 380
INFO 2025-07-25 04:20:52,073 basehttp "GET /static/admin/img/icon-addlink.svg HTTP/1.1" 200 331
INFO 2025-07-25 04:20:55,154 basehttp "GET /admin/auth/user/ HTTP/1.1" 200 16554
INFO 2025-07-25 04:20:55,191 basehttp "GET /static/admin/css/changelists.css HTTP/1.1" 200 6566
INFO 2025-07-25 04:20:55,199 basehttp "GET /static/admin/js/jquery.init.js HTTP/1.1" 200 347
INFO 2025-07-25 04:20:55,201 basehttp "GET /static/admin/js/admin/RelatedObjectLookups.js HTTP/1.1" 200 8943
INFO 2025-07-25 04:20:55,203 basehttp "GET /static/admin/js/core.js HTTP/1.1" 200 5682
INFO 2025-07-25 04:20:55,205 basehttp "GET /static/admin/js/actions.js HTTP/1.1" 200 7872
INFO 2025-07-25 04:20:55,210 basehttp "GET /static/admin/js/urlify.js HTTP/1.1" 200 7887
INFO 2025-07-25 04:20:55,212 basehttp "GET /static/admin/js/prepopulate.js HTTP/1.1" 200 1531
INFO 2025-07-25 04:20:55,212 basehttp "GET /static/admin/js/filters.js HTTP/1.1" 200 978
INFO 2025-07-25 04:20:55,218 basehttp "GET /admin/jsi18n/ HTTP/1.1" 200 8621
INFO 2025-07-25 04:20:55,223 basehttp "GET /static/admin/js/vendor/xregexp/xregexp.js HTTP/1.1" 200 232381
INFO 2025-07-25 04:20:55,224 basehttp "GET /static/admin/js/vendor/jquery/jquery.js HTTP/1.1" 200 292458
INFO 2025-07-25 04:20:55,227 basehttp "GET /static/admin/img/icon-yes.svg HTTP/1.1" 200 436
INFO 2025-07-25 04:20:55,228 basehttp "GET /static/admin/img/search.svg HTTP/1.1" 200 458
INFO 2025-07-25 04:20:55,258 basehttp "GET /static/admin/img/tooltag-add.svg HTTP/1.1" 200 331
INFO 2025-07-25 04:20:55,259 basehttp "GET /static/admin/img/sorting-icons.svg HTTP/1.1" 200 1097
INFO 2025-07-25 04:21:03,169 basehttp "GET /admin/auth/user/1/change/ HTTP/1.1" 200 35107
INFO 2025-07-25 04:21:03,211 basehttp "GET /static/admin/css/forms.css HTTP/1.1" 200 9047
INFO 2025-07-25 04:21:03,211 basehttp "GET /static/admin/js/calendar.js HTTP/1.1" 200 8466
INFO 2025-07-25 04:21:03,215 basehttp "GET /static/admin/js/admin/DateTimeShortcuts.js HTTP/1.1" 200 19319
INFO 2025-07-25 04:21:03,222 basehttp "GET /static/admin/js/SelectBox.js HTTP/1.1" 200 4530
INFO 2025-07-25 04:21:03,223 basehttp "GET /admin/jsi18n/ HTTP/1.1" 200 8621
INFO 2025-07-25 04:21:03,225 basehttp "GET /static/admin/js/SelectFilter2.js HTTP/1.1" 200 15292
INFO 2025-07-25 04:21:03,225 basehttp "GET /static/admin/js/prepopulate_init.js HTTP/1.1" 200 586
INFO 2025-07-25 04:21:03,225 basehttp "GET /static/admin/js/change_form.js HTTP/1.1" 200 606
INFO 2025-07-25 04:21:03,244 basehttp "GET /static/admin/css/widgets.css HTTP/1.1" 200 11900
INFO 2025-07-25 04:21:03,303 basehttp "GET /static/admin/img/icon-unknown.svg HTTP/1.1" 200 655
INFO 2025-07-25 04:21:03,307 basehttp "GET /static/admin/img/selector-icons.svg HTTP/1.1" 200 3291
INFO 2025-07-25 04:21:03,307 basehttp "GET /static/admin/img/icon-unknown-alt.svg HTTP/1.1" 200 655
INFO 2025-07-25 04:21:03,309 basehttp "GET /static/admin/img/icon-calendar.svg HTTP/1.1" 200 1086
INFO 2025-07-25 04:21:03,310 basehttp "GET /static/admin/img/icon-clock.svg HTTP/1.1" 200 677
INFO 2025-07-25 04:21:16,626 basehttp "POST /admin/auth/user/1/change/ HTTP/1.1" 302 0
INFO 2025-07-25 04:21:16,653 basehttp "GET /admin/auth/user/ HTTP/1.1" 200 16790
INFO 2025-07-25 04:21:16,708 basehttp "GET /admin/jsi18n/ HTTP/1.1" 200 8621
INFO 2025-07-25 04:23:22,635 basehttp "GET /login/otp/ HTTP/1.1" 200 15810
INFO 2025-07-25 04:23:26,841 basehttp "POST /login/otp/send/ HTTP/1.1" 200 162
INFO 2025-07-25 04:25:49,922 autoreload /Users/morti/Documents/Projects/SyDocDjango/sydoc_project/sydoc_project/settings.py changed, reloading.
INFO 2025-07-25 04:25:50,523 autoreload Watching for file changes with StatReloader
INFO 2025-07-25 04:33:01,030 autoreload /Users/morti/Documents/Projects/SyDocDjango/sydoc_project/sydoc_project/settings.py changed, reloading.
INFO 2025-07-25 04:33:01,680 autoreload Watching for file changes with StatReloader
WARNING 2025-07-25 04:34:13,007 log Not Found: /l
WARNING 2025-07-25 04:34:13,007 basehttp "GET /l HTTP/1.1" 404 4110
INFO 2025-07-25 04:34:14,607 basehttp "GET / HTTP/1.1" 200 85097
INFO 2025-07-25 04:34:21,300 basehttp "GET /logout/ HTTP/1.1" 302 0
INFO 2025-07-25 04:34:21,314 basehttp "GET / HTTP/1.1" 200 79577
INFO 2025-07-25 04:34:22,688 basehttp "GET /login/ HTTP/1.1" 200 12452
INFO 2025-07-25 04:34:24,551 basehttp "GET /login/otp/ HTTP/1.1" 200 15810
INFO 2025-07-25 04:34:27,892 basehttp "POST /login/otp/send/ HTTP/1.1" 200 162
INFO 2025-07-25 04:34:35,249 basehttp "GET /login/otp/?csrfmiddlewaretoken=bEfXW8rH0qxk0LHxAiK0WW8RbSd4ZRHdUOJregIxyn2m8CoUIL3LlJ46XciBYPQl&email=mortimerjyvor%40gmail.com&otp=123456 HTTP/1.1" 200 15810
ERROR 2025-07-25 04:34:35,281 log Internal Server Error: /login/otp/verify/
Traceback (most recent call last):
  File "/Users/morti/.pyenv/versions/3.9.5/lib/python3.9/site-packages/django/core/handlers/exception.py", line 55, in inner
    response = get_response(request)
  File "/Users/morti/.pyenv/versions/3.9.5/lib/python3.9/site-packages/django/core/handlers/base.py", line 197, in _get_response
    response = wrapped_callback(request, *callback_args, **callback_kwargs)
  File "/Users/morti/.pyenv/versions/3.9.5/lib/python3.9/site-packages/django/views/generic/base.py", line 104, in view
    return self.dispatch(request, *args, **kwargs)
  File "/Users/morti/.pyenv/versions/3.9.5/lib/python3.9/site-packages/django/views/generic/base.py", line 143, in dispatch
    return handler(request, *args, **kwargs)
  File "/Users/morti/Documents/Projects/SyDocDjango/sydoc_project/core/views.py", line 221, in post
    if not OTP.validate_otp(user, otp_code):
  File "/Users/morti/Documents/Projects/SyDocDjango/sydoc_project/core/models.py", line 97, in validate_otp
    logger.warning(f'OTP code mismatch for user {user.id}')
NameError: name 'logger' is not defined
INFO 2025-07-25 04:34:35,283 basehttp - Broken pipe from ('127.0.0.1', 52197)
INFO 2025-07-25 04:34:46,100 basehttp "GET /login/ HTTP/1.1" 200 12452
INFO 2025-07-25 04:34:47,254 basehttp "GET /login/otp/ HTTP/1.1" 200 15810
INFO 2025-07-25 04:34:49,773 basehttp "POST /login/otp/send/ HTTP/1.1" 200 162
INFO 2025-07-25 04:35:20,738 basehttp "GET /login/ HTTP/1.1" 200 12452
INFO 2025-07-25 04:35:22,196 basehttp "GET /login/otp/ HTTP/1.1" 200 15810
INFO 2025-07-25 04:35:26,427 basehttp "POST /login/otp/send/ HTTP/1.1" 200 162
INFO 2025-07-25 04:36:57,654 autoreload /Users/morti/Documents/Projects/SyDocDjango/sydoc_project/core/models.py changed, reloading.
INFO 2025-07-25 04:36:58,361 autoreload Watching for file changes with StatReloader
INFO 2025-07-25 04:37:36,489 autoreload /Users/morti/Documents/Projects/SyDocDjango/sydoc_project/core/views.py changed, reloading.
INFO 2025-07-25 04:37:37,090 autoreload Watching for file changes with StatReloader
INFO 2025-07-25 04:38:59,521 basehttp "GET /login/otp/ HTTP/1.1" 200 17789
INFO 2025-07-25 04:39:01,964 basehttp "POST /login/otp/send/ HTTP/1.1" 200 162
INFO 2025-07-25 04:39:30,266 autoreload Watching for file changes with StatReloader
INFO 2025-07-25 04:39:34,059 basehttp "GET /login/ HTTP/1.1" 200 12452
INFO 2025-07-25 04:39:36,353 basehttp "GET /login/otp/ HTTP/1.1" 200 17789
INFO 2025-07-25 04:39:42,352 basehttp "POST /login/otp/send/ HTTP/1.1" 200 162
INFO 2025-07-25 04:41:45,752 autoreload /Users/morti/Documents/Projects/SyDocDjango/sydoc_project/core/models.py changed, reloading.
INFO 2025-07-25 04:41:46,438 autoreload Watching for file changes with StatReloader
INFO 2025-07-25 04:42:06,108 autoreload /Users/morti/Documents/Projects/SyDocDjango/sydoc_project/core/views.py changed, reloading.
INFO 2025-07-25 04:42:06,691 autoreload Watching for file changes with StatReloader
INFO 2025-07-25 04:44:52,339 autoreload /Users/morti/Documents/Projects/SyDocDjango/sydoc_project/core/models.py changed, reloading.
INFO 2025-07-25 04:44:53,209 autoreload Watching for file changes with StatReloader
INFO 2025-07-25 04:45:10,949 autoreload /Users/morti/Documents/Projects/SyDocDjango/sydoc_project/core/models.py changed, reloading.
INFO 2025-07-25 04:45:11,462 autoreload Watching for file changes with StatReloader
INFO 2025-07-25 04:45:30,098 autoreload /Users/morti/Documents/Projects/SyDocDjango/sydoc_project/core/views.py changed, reloading.
INFO 2025-07-25 04:45:30,499 autoreload Watching for file changes with StatReloader
INFO 2025-07-25 04:46:46,226 basehttp "GET /login/ HTTP/1.1" 200 12452
INFO 2025-07-25 04:46:46,884 basehttp "GET /login/ HTTP/1.1" 200 12452
INFO 2025-07-25 04:46:47,879 basehttp "GET /login/otp/ HTTP/1.1" 200 17789
INFO 2025-07-25 04:46:54,873 basehttp "POST /login/otp/send/ HTTP/1.1" 200 162
INFO 2025-07-25 04:47:47,976 autoreload /Users/morti/Documents/Projects/SyDocDjango/sydoc_project/core/views.py changed, reloading.
INFO 2025-07-25 04:47:48,643 autoreload Watching for file changes with StatReloader
INFO 2025-07-25 04:48:01,122 autoreload /Users/morti/Documents/Projects/SyDocDjango/sydoc_project/core/views.py changed, reloading.
INFO 2025-07-25 04:48:01,585 autoreload Watching for file changes with StatReloader
INFO 2025-07-25 04:48:28,416 autoreload /Users/morti/Documents/Projects/SyDocDjango/sydoc_project/core/views.py changed, reloading.
INFO 2025-07-25 04:48:28,904 autoreload Watching for file changes with StatReloader
INFO 2025-07-25 04:48:40,414 autoreload /Users/morti/Documents/Projects/SyDocDjango/sydoc_project/core/urls.py changed, reloading.
INFO 2025-07-25 04:48:40,885 autoreload Watching for file changes with StatReloader
INFO 2025-07-25 04:48:56,428 autoreload /Users/morti/Documents/Projects/SyDocDjango/sydoc_project/core/views.py changed, reloading.
INFO 2025-07-25 04:48:56,854 autoreload Watching for file changes with StatReloader
INFO 2025-07-25 04:49:30,724 autoreload /Users/morti/Documents/Projects/SyDocDjango/sydoc_project/core/models.py changed, reloading.
INFO 2025-07-25 04:49:31,658 autoreload Watching for file changes with StatReloader
INFO 2025-07-25 04:49:54,394 autoreload /Users/morti/Documents/Projects/SyDocDjango/sydoc_project/core/models.py changed, reloading.
INFO 2025-07-25 04:49:54,898 autoreload Watching for file changes with StatReloader
INFO 2025-07-25 04:50:12,496 autoreload /Users/morti/Documents/Projects/SyDocDjango/sydoc_project/core/models.py changed, reloading.
INFO 2025-07-25 04:50:13,196 autoreload Watching for file changes with StatReloader
INFO 2025-07-25 04:50:59,331 autoreload /Users/morti/Documents/Projects/SyDocDjango/sydoc_project/core/views.py changed, reloading.
INFO 2025-07-25 04:50:59,764 autoreload Watching for file changes with StatReloader
INFO 2025-07-25 04:51:29,541 autoreload /Users/morti/Documents/Projects/SyDocDjango/sydoc_project/core/views.py changed, reloading.
INFO 2025-07-25 04:51:30,153 autoreload Watching for file changes with StatReloader
INFO 2025-07-25 04:51:33,905 basehttp "GET /login/ HTTP/1.1" 200 12452
INFO 2025-07-25 04:51:35,068 basehttp "GET /login/otp/ HTTP/1.1" 200 17854
ERROR 2025-07-25 04:51:38,309 log Internal Server Error: /login/otp/send/
Traceback (most recent call last):
  File "/Users/morti/.pyenv/versions/3.9.5/lib/python3.9/site-packages/django/core/handlers/exception.py", line 55, in inner
    response = get_response(request)
  File "/Users/morti/.pyenv/versions/3.9.5/lib/python3.9/site-packages/django/core/handlers/base.py", line 197, in _get_response
    response = wrapped_callback(request, *callback_args, **callback_kwargs)
  File "/Users/morti/.pyenv/versions/3.9.5/lib/python3.9/site-packages/django/views/generic/base.py", line 104, in view
    return self.dispatch(request, *args, **kwargs)
  File "/Users/morti/.pyenv/versions/3.9.5/lib/python3.9/site-packages/django/views/generic/base.py", line 143, in dispatch
    return handler(request, *args, **kwargs)
  File "/Users/morti/Documents/Projects/SyDocDjango/sydoc_project/core/views.py", line 102, in post
    logger.info(f"OTP request for email: {mask_email(email)}")
NameError: name 'mask_email' is not defined
ERROR 2025-07-25 04:51:38,310 basehttp "POST /login/otp/send/ HTTP/1.1" 500 76234
ERROR 2025-07-25 04:51:39,863 log Internal Server Error: /login/otp/send/
Traceback (most recent call last):
  File "/Users/morti/.pyenv/versions/3.9.5/lib/python3.9/site-packages/django/core/handlers/exception.py", line 55, in inner
    response = get_response(request)
  File "/Users/morti/.pyenv/versions/3.9.5/lib/python3.9/site-packages/django/core/handlers/base.py", line 197, in _get_response
    response = wrapped_callback(request, *callback_args, **callback_kwargs)
  File "/Users/morti/.pyenv/versions/3.9.5/lib/python3.9/site-packages/django/views/generic/base.py", line 104, in view
    return self.dispatch(request, *args, **kwargs)
  File "/Users/morti/.pyenv/versions/3.9.5/lib/python3.9/site-packages/django/views/generic/base.py", line 143, in dispatch
    return handler(request, *args, **kwargs)
  File "/Users/morti/Documents/Projects/SyDocDjango/sydoc_project/core/views.py", line 102, in post
    logger.info(f"OTP request for email: {mask_email(email)}")
NameError: name 'mask_email' is not defined
ERROR 2025-07-25 04:51:39,864 basehttp "POST /login/otp/send/ HTTP/1.1" 500 76234
INFO 2025-07-25 04:53:00,926 autoreload /Users/morti/Documents/Projects/SyDocDjango/sydoc_project/core/views.py changed, reloading.
INFO 2025-07-25 04:53:01,636 autoreload Watching for file changes with StatReloader
INFO 2025-07-25 04:53:17,324 autoreload /Users/morti/Documents/Projects/SyDocDjango/sydoc_project/core/views.py changed, reloading.
INFO 2025-07-25 04:53:17,918 autoreload Watching for file changes with StatReloader
INFO 2025-07-25 04:53:36,817 basehttp "GET /login/otp/ HTTP/1.1" 200 17854
INFO 2025-07-25 04:53:37,421 basehttp "GET /login/ HTTP/1.1" 200 12452
INFO 2025-07-25 04:53:38,878 basehttp "GET /login/otp/ HTTP/1.1" 200 17854
INFO 2025-07-25 04:53:43,800 basehttp "POST /login/otp/send/ HTTP/1.1" 200 162
INFO 2025-07-25 04:53:53,765 basehttp "GET /login/otp/?csrfmiddlewaretoken=kjLLmo2BXNDEFUY7q9BksSbsWxZkTQtE3tffEwjrvK8GNLFuyCU5RF7HIR4RSOCM&email=mortimerjyvor%40gmail.com&otp=244827 HTTP/1.1" 200 17854
INFO 2025-07-25 04:54:03,442 basehttp "POST /login/otp/send/ HTTP/1.1" 200 162
INFO 2025-07-25 04:54:12,575 basehttp - Broken pipe from ('127.0.0.1', 53802)
INFO 2025-07-25 04:54:12,578 basehttp "GET /login/otp/?csrfmiddlewaretoken=2q5hZCkMREItFLnfrfLYsUw7Rf2DVAflLAzLhKBCpBdvNC4CzI4JRHsmDz7aUyot&email=mortimerjyvor%40gmail.com&otp=005222 HTTP/1.1" 200 17854
INFO 2025-07-25 04:56:18,139 autoreload /Users/morti/Documents/Projects/SyDocDjango/sydoc_project/core/views.py changed, reloading.
INFO 2025-07-25 04:56:18,932 autoreload Watching for file changes with StatReloader
INFO 2025-07-25 04:57:09,953 basehttp "GET /login/otp/?csrfmiddlewaretoken=kjLLmo2BXNDEFUY7q9BksSbsWxZkTQtE3tffEwjrvK8GNLFuyCU5RF7HIR4RSOCM&email=mortimerjyvor%40gmail.com&otp=244827 HTTP/1.1" 200 18791
INFO 2025-07-25 04:57:10,975 basehttp "GET /login/otp/ HTTP/1.1" 200 18791
INFO 2025-07-25 04:57:12,062 basehttp "GET /login/ HTTP/1.1" 200 12452
INFO 2025-07-25 04:57:13,260 basehttp "GET /login/otp/ HTTP/1.1" 200 18791
INFO 2025-07-25 04:57:18,222 basehttp "POST /login/otp/send/ HTTP/1.1" 200 162
INFO 2025-07-25 04:57:28,819 basehttp "POST /login/otp/verify/ HTTP/1.1" 200 76
INFO 2025-07-25 04:57:29,873 basehttp "GET / HTTP/1.1" 200 85097
INFO 2025-07-25 04:57:39,109 basehttp "GET /logout/ HTTP/1.1" 302 0
INFO 2025-07-25 04:57:39,121 basehttp "GET / HTTP/1.1" 200 79577
INFO 2025-07-25 04:57:40,672 basehttp "GET /login/ HTTP/1.1" 200 12452
INFO 2025-07-25 04:58:00,990 basehttp "GET /login/otp/ HTTP/1.1" 200 18791
INFO 2025-07-25 04:58:12,628 basehttp "POST /login/otp/send/ HTTP/1.1" 200 162
INFO 2025-07-25 04:58:23,009 basehttp "POST /login/otp/verify/ HTTP/1.1" 200 76
INFO 2025-07-25 04:58:24,035 basehttp "GET / HTTP/1.1" 200 85097
INFO 2025-07-25 04:58:27,444 basehttp "GET /center/dashboard/ HTTP/1.1" 200 126186
INFO 2025-07-25 05:04:49,501 basehttp "GET /logout/ HTTP/1.1" 302 0
INFO 2025-07-25 05:04:49,560 basehttp "GET / HTTP/1.1" 200 79577
INFO 2025-07-25 05:04:50,547 basehttp "GET /login/ HTTP/1.1" 200 12452
INFO 2025-07-25 05:04:51,813 basehttp "GET /login/otp/ HTTP/1.1" 200 18791
INFO 2025-07-25 05:04:58,365 basehttp "POST /login/otp/send/ HTTP/1.1" 200 162
INFO 2025-07-25 05:05:11,997 basehttp "GET /login/ HTTP/1.1" 200 12452
INFO 2025-07-25 05:05:31,870 basehttp "GET /login/otp/ HTTP/1.1" 200 18791
INFO 2025-07-25 05:05:38,561 basehttp "POST /login/otp/send/ HTTP/1.1" 200 162
INFO 2025-07-25 05:05:54,752 basehttp "POST /login/otp/verify/ HTTP/1.1" 200 76
INFO 2025-07-25 05:05:55,777 basehttp "GET / HTTP/1.1" 200 85097
INFO 2025-07-25 05:05:58,828 basehttp "GET /center/dashboard/ HTTP/1.1" 200 126186
